                                      1 ;--------------------------------------------------------
                                      2 ; File Created by SDCC : free open source ISO C Compiler 
                                      3 ; Version 4.4.1 #14650 (MINGW64)
                                      4 ;--------------------------------------------------------
                                      5 	.module functions
                                      6 	.optsdcc -msm83
                                      7 	
                                      8 ;--------------------------------------------------------
                                      9 ; Public variables in this module
                                     10 ;--------------------------------------------------------
                                     11 	.globl _systemSetup
                                     12 	.globl _clear
                                     13 	.globl _set_bkg_tile_xy
                                     14 ;--------------------------------------------------------
                                     15 ; special function registers
                                     16 ;--------------------------------------------------------
                                     17 ;--------------------------------------------------------
                                     18 ; ram data
                                     19 ;--------------------------------------------------------
                                     20 	.area _DATA
                                     21 ;--------------------------------------------------------
                                     22 ; ram data
                                     23 ;--------------------------------------------------------
                                     24 	.area _INITIALIZED
                                     25 ;--------------------------------------------------------
                                     26 ; absolute external ram data
                                     27 ;--------------------------------------------------------
                                     28 	.area _DABS (ABS)
                                     29 ;--------------------------------------------------------
                                     30 ; global & static initialisations
                                     31 ;--------------------------------------------------------
                                     32 	.area _HOME
                                     33 	.area _GSINIT
                                     34 	.area _GSFINAL
                                     35 	.area _GSINIT
                                     36 ;--------------------------------------------------------
                                     37 ; Home
                                     38 ;--------------------------------------------------------
                                     39 	.area _HOME
                                     40 	.area _HOME
                                     41 ;--------------------------------------------------------
                                     42 ; code
                                     43 ;--------------------------------------------------------
                                     44 	.area _CODE
                                     45 ;src\functions.c:3: void clear(void) {
                                     46 ;	---------------------------------
                                     47 ; Function clear
                                     48 ; ---------------------------------
    00000000                         49 _clear::
                                     50 ;src\functions.c:4: for (int i = 0; i < 18; i++) {
    00000000 0E 00            [ 8]   51 	ld	c, #0x00
    00000002                         52 00107$:
    00000002 79               [ 4]   53 	ld	a, c
    00000003 D6 12            [ 8]   54 	sub	a, #0x12
    00000005 D0               [20]   55 	ret	NC
                                     56 ;src\functions.c:5: for (int j = 0; j < 20; j++) {
    00000006 06 00            [ 8]   57 	ld	b, #0x00
    00000008                         58 00104$:
    00000008 78               [ 4]   59 	ld	a, b
    00000009 D6 14            [ 8]   60 	sub	a, #0x14
    0000000B 30 0E            [12]   61 	jr	NC, 00108$
                                     62 ;src\functions.c:6: set_bkg_tile_xy(j,i,0);
    0000000D 59               [ 4]   63 	ld	e, c
    0000000E 50               [ 4]   64 	ld	d, b
    0000000F C5               [16]   65 	push	bc
    00000010 AF               [ 4]   66 	xor	a, a
    00000011 F5               [16]   67 	push	af
    00000012 33               [ 8]   68 	inc	sp
    00000013 7A               [ 4]   69 	ld	a, d
    00000014 CDr00r00         [24]   70 	call	_set_bkg_tile_xy
    00000017 C1               [12]   71 	pop	bc
                                     72 ;src\functions.c:5: for (int j = 0; j < 20; j++) {
    00000018 04               [ 4]   73 	inc	b
    00000019 18 ED            [12]   74 	jr	00104$
    0000001B                         75 00108$:
                                     76 ;src\functions.c:4: for (int i = 0; i < 18; i++) {
    0000001B 0C               [ 4]   77 	inc	c
                                     78 ;src\functions.c:9: }
    0000001C 18 E4            [12]   79 	jr	00107$
                                     80 ;src\functions.c:11: void systemSetup(void) {
                                     81 ;	---------------------------------
                                     82 ; Function systemSetup
                                     83 ; ---------------------------------
    0000001E                         84 _systemSetup::
                                     85 ;src\functions.c:12: clear();
    0000001E CDr00r00         [24]   86 	call	_clear
                                     87 ;src\functions.c:13: SHOW_SPRITES;
    00000021 F0r00            [12]   88 	ldh	a, (_LCDC_REG + 0)
    00000023 F6 02            [ 8]   89 	or	a, #0x02
    00000025 E0r00            [12]   90 	ldh	(_LCDC_REG + 0), a
                                     91 ;src\functions.c:14: SHOW_BKG;
    00000027 F0r00            [12]   92 	ldh	a, (_LCDC_REG + 0)
    00000029 F6 01            [ 8]   93 	or	a, #0x01
    0000002B E0r00            [12]   94 	ldh	(_LCDC_REG + 0), a
                                     95 ;src\functions.c:15: DISPLAY_ON;
    0000002D F0r00            [12]   96 	ldh	a, (_LCDC_REG + 0)
    0000002F F6 80            [ 8]   97 	or	a, #0x80
    00000031 E0r00            [12]   98 	ldh	(_LCDC_REG + 0), a
                                     99 ;src\functions.c:17: }
    00000033 C9               [16]  100 	ret
                                    101 	.area _CODE
                                    102 	.area _INITIALIZER
                                    103 	.area _CABS (ABS)
