                                      1 ;--------------------------------------------------------
                                      2 ; File Created by SDCC : free open source ISO C Compiler 
                                      3 ; Version 4.4.1 #14650 (MINGW64)
                                      4 ;--------------------------------------------------------
                                      5 	.module title_screen
                                      6 	.optsdcc -msm83
                                      7 	
                                      8 ;--------------------------------------------------------
                                      9 ; Public variables in this module
                                     10 ;--------------------------------------------------------
                                     11 	.globl _set_bkg_tiles
                                     12 	.globl _set_bkg_data
                                     13 	.globl _vsync
                                     14 	.globl _joypad
                                     15 	.globl _TitleScreenTiles
                                     16 	.globl _TitleScreenMap
                                     17 	.globl _titleScreen
                                     18 ;--------------------------------------------------------
                                     19 ; special function registers
                                     20 ;--------------------------------------------------------
                                     21 ;--------------------------------------------------------
                                     22 ; ram data
                                     23 ;--------------------------------------------------------
                                     24 	.area _DATA
                                     25 ;--------------------------------------------------------
                                     26 ; ram data
                                     27 ;--------------------------------------------------------
                                     28 	.area _INITIALIZED
    00000000                         29 _TitleScreenMap::
    00000000                         30 	.ds 360
    00000168                         31 _TitleScreenTiles::
    00000168                         32 	.ds 1296
                                     33 ;--------------------------------------------------------
                                     34 ; absolute external ram data
                                     35 ;--------------------------------------------------------
                                     36 	.area _DABS (ABS)
                                     37 ;--------------------------------------------------------
                                     38 ; global & static initialisations
                                     39 ;--------------------------------------------------------
                                     40 	.area _HOME
                                     41 	.area _GSINIT
                                     42 	.area _GSFINAL
                                     43 	.area _GSINIT
                                     44 ;--------------------------------------------------------
                                     45 ; Home
                                     46 ;--------------------------------------------------------
                                     47 	.area _HOME
                                     48 	.area _HOME
                                     49 ;--------------------------------------------------------
                                     50 ; code
                                     51 ;--------------------------------------------------------
                                     52 	.area _CODE
                                     53 ;src\title_screen.c:7: void titleScreen(void) {
                                     54 ;	---------------------------------
                                     55 ; Function titleScreen
                                     56 ; ---------------------------------
    00000000                         57 _titleScreen::
                                     58 ;src\title_screen.c:8: set_bkg_data(0,80,TitleScreenTiles);      
    00000000 11r68r01         [12]   59 	ld	de, #_TitleScreenTiles
    00000003 D5               [16]   60 	push	de
    00000004 21 00 50         [12]   61 	ld	hl, #0x5000
    00000007 E5               [16]   62 	push	hl
    00000008 CDr00r00         [24]   63 	call	_set_bkg_data
    0000000B E8 04            [16]   64 	add	sp, #4
                                     65 ;src\title_screen.c:9: set_bkg_tiles(0,0,20,18,TitleScreenMap);
    0000000D 11r00r00         [12]   66 	ld	de, #_TitleScreenMap
    00000010 D5               [16]   67 	push	de
    00000011 21 14 12         [12]   68 	ld	hl, #0x1214
    00000014 E5               [16]   69 	push	hl
    00000015 AF               [ 4]   70 	xor	a, a
    00000016 0F               [ 4]   71 	rrca
    00000017 F5               [16]   72 	push	af
    00000018 AF               [ 4]   73 	xor	a, a
    00000019 CDr00r00         [24]   74 	call	_set_bkg_tiles
    0000001C E8 06            [16]   75 	add	sp, #6
                                     76 ;src\title_screen.c:11: while(joypad() != J_START) { vsync(); }
    0000001E                         77 00101$:
    0000001E CDr00r00         [24]   78 	call	_joypad
    00000021 D6 80            [ 8]   79 	sub	a, #0x80
    00000023 C8               [20]   80 	ret	Z
    00000024 CDr00r00         [24]   81 	call	_vsync
                                     82 ;src\title_screen.c:12: }
    00000027 18 F5            [12]   83 	jr	00101$
                                     84 	.area _CODE
                                     85 	.area _INITIALIZER
    00000000                         86 __xinit__TitleScreenMap:
    00000000 03                      87 	.db #0x03	; 3
    00000001 03                      88 	.db #0x03	; 3
    00000002 03                      89 	.db #0x03	; 3
    00000003 03                      90 	.db #0x03	; 3
    00000004 03                      91 	.db #0x03	; 3
    00000005 03                      92 	.db #0x03	; 3
    00000006 03                      93 	.db #0x03	; 3
    00000007 03                      94 	.db #0x03	; 3
    00000008 03                      95 	.db #0x03	; 3
    00000009 03                      96 	.db #0x03	; 3
    0000000A 03                      97 	.db #0x03	; 3
    0000000B 03                      98 	.db #0x03	; 3
    0000000C 03                      99 	.db #0x03	; 3
    0000000D 03                     100 	.db #0x03	; 3
    0000000E 03                     101 	.db #0x03	; 3
    0000000F 03                     102 	.db #0x03	; 3
    00000010 03                     103 	.db #0x03	; 3
    00000011 03                     104 	.db #0x03	; 3
    00000012 03                     105 	.db #0x03	; 3
    00000013 03                     106 	.db #0x03	; 3
    00000014 03                     107 	.db #0x03	; 3
    00000015 03                     108 	.db #0x03	; 3
    00000016 03                     109 	.db #0x03	; 3
    00000017 03                     110 	.db #0x03	; 3
    00000018 03                     111 	.db #0x03	; 3
    00000019 03                     112 	.db #0x03	; 3
    0000001A 03                     113 	.db #0x03	; 3
    0000001B 03                     114 	.db #0x03	; 3
    0000001C 03                     115 	.db #0x03	; 3
    0000001D 03                     116 	.db #0x03	; 3
    0000001E 03                     117 	.db #0x03	; 3
    0000001F 03                     118 	.db #0x03	; 3
    00000020 03                     119 	.db #0x03	; 3
    00000021 03                     120 	.db #0x03	; 3
    00000022 03                     121 	.db #0x03	; 3
    00000023 03                     122 	.db #0x03	; 3
    00000024 03                     123 	.db #0x03	; 3
    00000025 03                     124 	.db #0x03	; 3
    00000026 03                     125 	.db #0x03	; 3
    00000027 03                     126 	.db #0x03	; 3
    00000028 03                     127 	.db #0x03	; 3
    00000029 03                     128 	.db #0x03	; 3
    0000002A 03                     129 	.db #0x03	; 3
    0000002B 03                     130 	.db #0x03	; 3
    0000002C 03                     131 	.db #0x03	; 3
    0000002D 03                     132 	.db #0x03	; 3
    0000002E 03                     133 	.db #0x03	; 3
    0000002F 03                     134 	.db #0x03	; 3
    00000030 03                     135 	.db #0x03	; 3
    00000031 03                     136 	.db #0x03	; 3
    00000032 03                     137 	.db #0x03	; 3
    00000033 03                     138 	.db #0x03	; 3
    00000034 03                     139 	.db #0x03	; 3
    00000035 03                     140 	.db #0x03	; 3
    00000036 03                     141 	.db #0x03	; 3
    00000037 03                     142 	.db #0x03	; 3
    00000038 03                     143 	.db #0x03	; 3
    00000039 03                     144 	.db #0x03	; 3
    0000003A 03                     145 	.db #0x03	; 3
    0000003B 03                     146 	.db #0x03	; 3
    0000003C 03                     147 	.db #0x03	; 3
    0000003D 03                     148 	.db #0x03	; 3
    0000003E 03                     149 	.db #0x03	; 3
    0000003F 03                     150 	.db #0x03	; 3
    00000040 03                     151 	.db #0x03	; 3
    00000041 03                     152 	.db #0x03	; 3
    00000042 03                     153 	.db #0x03	; 3
    00000043 03                     154 	.db #0x03	; 3
    00000044 03                     155 	.db #0x03	; 3
    00000045 03                     156 	.db #0x03	; 3
    00000046 03                     157 	.db #0x03	; 3
    00000047 03                     158 	.db #0x03	; 3
    00000048 03                     159 	.db #0x03	; 3
    00000049 03                     160 	.db #0x03	; 3
    0000004A 03                     161 	.db #0x03	; 3
    0000004B 03                     162 	.db #0x03	; 3
    0000004C 03                     163 	.db #0x03	; 3
    0000004D 03                     164 	.db #0x03	; 3
    0000004E 03                     165 	.db #0x03	; 3
    0000004F 03                     166 	.db #0x03	; 3
    00000050 03                     167 	.db #0x03	; 3
    00000051 03                     168 	.db #0x03	; 3
    00000052 03                     169 	.db #0x03	; 3
    00000053 03                     170 	.db #0x03	; 3
    00000054 03                     171 	.db #0x03	; 3
    00000055 03                     172 	.db #0x03	; 3
    00000056 03                     173 	.db #0x03	; 3
    00000057 03                     174 	.db #0x03	; 3
    00000058 03                     175 	.db #0x03	; 3
    00000059 03                     176 	.db #0x03	; 3
    0000005A 03                     177 	.db #0x03	; 3
    0000005B 03                     178 	.db #0x03	; 3
    0000005C 03                     179 	.db #0x03	; 3
    0000005D 03                     180 	.db #0x03	; 3
    0000005E 03                     181 	.db #0x03	; 3
    0000005F 03                     182 	.db #0x03	; 3
    00000060 03                     183 	.db #0x03	; 3
    00000061 03                     184 	.db #0x03	; 3
    00000062 03                     185 	.db #0x03	; 3
    00000063 03                     186 	.db #0x03	; 3
    00000064 00                     187 	.db #0x00	; 0
    00000065 01                     188 	.db #0x01	; 1
    00000066 02                     189 	.db #0x02	; 2
    00000067 03                     190 	.db #0x03	; 3
    00000068 03                     191 	.db #0x03	; 3
    00000069 03                     192 	.db #0x03	; 3
    0000006A 03                     193 	.db #0x03	; 3
    0000006B 04                     194 	.db #0x04	; 4
    0000006C 03                     195 	.db #0x03	; 3
    0000006D 03                     196 	.db #0x03	; 3
    0000006E 03                     197 	.db #0x03	; 3
    0000006F 03                     198 	.db #0x03	; 3
    00000070 03                     199 	.db #0x03	; 3
    00000071 03                     200 	.db #0x03	; 3
    00000072 05                     201 	.db #0x05	; 5
    00000073 06                     202 	.db #0x06	; 6
    00000074 03                     203 	.db #0x03	; 3
    00000075 03                     204 	.db #0x03	; 3
    00000076 03                     205 	.db #0x03	; 3
    00000077 03                     206 	.db #0x03	; 3
    00000078 07                     207 	.db #0x07	; 7
    00000079 08                     208 	.db #0x08	; 8
    0000007A 09                     209 	.db #0x09	; 9
    0000007B 0A                     210 	.db #0x0a	; 10
    0000007C 0B                     211 	.db #0x0b	; 11
    0000007D 0C                     212 	.db #0x0c	; 12
    0000007E 0D                     213 	.db #0x0d	; 13
    0000007F 0E                     214 	.db #0x0e	; 14
    00000080 0F                     215 	.db #0x0f	; 15
    00000081 10                     216 	.db #0x10	; 16
    00000082 11                     217 	.db #0x11	; 17
    00000083 12                     218 	.db #0x12	; 18
    00000084 13                     219 	.db #0x13	; 19
    00000085 14                     220 	.db #0x14	; 20
    00000086 15                     221 	.db #0x15	; 21
    00000087 16                     222 	.db #0x16	; 22
    00000088 17                     223 	.db #0x17	; 23
    00000089 18                     224 	.db #0x18	; 24
    0000008A 19                     225 	.db #0x19	; 25
    0000008B 1A                     226 	.db #0x1a	; 26
    0000008C 1B                     227 	.db #0x1b	; 27
    0000008D 1C                     228 	.db #0x1c	; 28
    0000008E 1D                     229 	.db #0x1d	; 29
    0000008F 1E                     230 	.db #0x1e	; 30
    00000090 1F                     231 	.db #0x1f	; 31
    00000091 20                     232 	.db #0x20	; 32
    00000092 21                     233 	.db #0x21	; 33
    00000093 22                     234 	.db #0x22	; 34
    00000094 23                     235 	.db #0x23	; 35
    00000095 24                     236 	.db #0x24	; 36
    00000096 25                     237 	.db #0x25	; 37
    00000097 26                     238 	.db #0x26	; 38
    00000098 27                     239 	.db #0x27	; 39
    00000099 28                     240 	.db #0x28	; 40
    0000009A 29                     241 	.db #0x29	; 41
    0000009B 2A                     242 	.db #0x2a	; 42
    0000009C 2B                     243 	.db #0x2b	; 43
    0000009D 2C                     244 	.db #0x2c	; 44
    0000009E 2D                     245 	.db #0x2d	; 45
    0000009F 2E                     246 	.db #0x2e	; 46
    000000A0 2F                     247 	.db #0x2f	; 47
    000000A1 30                     248 	.db #0x30	; 48	'0'
    000000A2 31                     249 	.db #0x31	; 49	'1'
    000000A3 32                     250 	.db #0x32	; 50	'2'
    000000A4 33                     251 	.db #0x33	; 51	'3'
    000000A5 34                     252 	.db #0x34	; 52	'4'
    000000A6 35                     253 	.db #0x35	; 53	'5'
    000000A7 36                     254 	.db #0x36	; 54	'6'
    000000A8 37                     255 	.db #0x37	; 55	'7'
    000000A9 38                     256 	.db #0x38	; 56	'8'
    000000AA 39                     257 	.db #0x39	; 57	'9'
    000000AB 3A                     258 	.db #0x3a	; 58
    000000AC 3B                     259 	.db #0x3b	; 59
    000000AD 3C                     260 	.db #0x3c	; 60
    000000AE 3D                     261 	.db #0x3d	; 61
    000000AF 3E                     262 	.db #0x3e	; 62
    000000B0 3F                     263 	.db #0x3f	; 63
    000000B1 40                     264 	.db #0x40	; 64
    000000B2 41                     265 	.db #0x41	; 65	'A'
    000000B3 42                     266 	.db #0x42	; 66	'B'
    000000B4 43                     267 	.db #0x43	; 67	'C'
    000000B5 03                     268 	.db #0x03	; 3
    000000B6 03                     269 	.db #0x03	; 3
    000000B7 44                     270 	.db #0x44	; 68	'D'
    000000B8 03                     271 	.db #0x03	; 3
    000000B9 03                     272 	.db #0x03	; 3
    000000BA 03                     273 	.db #0x03	; 3
    000000BB 03                     274 	.db #0x03	; 3
    000000BC 03                     275 	.db #0x03	; 3
    000000BD 03                     276 	.db #0x03	; 3
    000000BE 45                     277 	.db #0x45	; 69	'E'
    000000BF 46                     278 	.db #0x46	; 70	'F'
    000000C0 47                     279 	.db #0x47	; 71	'G'
    000000C1 48                     280 	.db #0x48	; 72	'H'
    000000C2 03                     281 	.db #0x03	; 3
    000000C3 49                     282 	.db #0x49	; 73	'I'
    000000C4 03                     283 	.db #0x03	; 3
    000000C5 03                     284 	.db #0x03	; 3
    000000C6 03                     285 	.db #0x03	; 3
    000000C7 03                     286 	.db #0x03	; 3
    000000C8 03                     287 	.db #0x03	; 3
    000000C9 03                     288 	.db #0x03	; 3
    000000CA 03                     289 	.db #0x03	; 3
    000000CB 03                     290 	.db #0x03	; 3
    000000CC 03                     291 	.db #0x03	; 3
    000000CD 03                     292 	.db #0x03	; 3
    000000CE 03                     293 	.db #0x03	; 3
    000000CF 03                     294 	.db #0x03	; 3
    000000D0 03                     295 	.db #0x03	; 3
    000000D1 03                     296 	.db #0x03	; 3
    000000D2 03                     297 	.db #0x03	; 3
    000000D3 03                     298 	.db #0x03	; 3
    000000D4 03                     299 	.db #0x03	; 3
    000000D5 03                     300 	.db #0x03	; 3
    000000D6 03                     301 	.db #0x03	; 3
    000000D7 03                     302 	.db #0x03	; 3
    000000D8 03                     303 	.db #0x03	; 3
    000000D9 03                     304 	.db #0x03	; 3
    000000DA 03                     305 	.db #0x03	; 3
    000000DB 03                     306 	.db #0x03	; 3
    000000DC 03                     307 	.db #0x03	; 3
    000000DD 03                     308 	.db #0x03	; 3
    000000DE 03                     309 	.db #0x03	; 3
    000000DF 03                     310 	.db #0x03	; 3
    000000E0 03                     311 	.db #0x03	; 3
    000000E1 03                     312 	.db #0x03	; 3
    000000E2 03                     313 	.db #0x03	; 3
    000000E3 03                     314 	.db #0x03	; 3
    000000E4 03                     315 	.db #0x03	; 3
    000000E5 03                     316 	.db #0x03	; 3
    000000E6 03                     317 	.db #0x03	; 3
    000000E7 03                     318 	.db #0x03	; 3
    000000E8 03                     319 	.db #0x03	; 3
    000000E9 03                     320 	.db #0x03	; 3
    000000EA 03                     321 	.db #0x03	; 3
    000000EB 03                     322 	.db #0x03	; 3
    000000EC 03                     323 	.db #0x03	; 3
    000000ED 03                     324 	.db #0x03	; 3
    000000EE 03                     325 	.db #0x03	; 3
    000000EF 03                     326 	.db #0x03	; 3
    000000F0 03                     327 	.db #0x03	; 3
    000000F1 03                     328 	.db #0x03	; 3
    000000F2 03                     329 	.db #0x03	; 3
    000000F3 03                     330 	.db #0x03	; 3
    000000F4 03                     331 	.db #0x03	; 3
    000000F5 03                     332 	.db #0x03	; 3
    000000F6 03                     333 	.db #0x03	; 3
    000000F7 03                     334 	.db #0x03	; 3
    000000F8 03                     335 	.db #0x03	; 3
    000000F9 03                     336 	.db #0x03	; 3
    000000FA 03                     337 	.db #0x03	; 3
    000000FB 03                     338 	.db #0x03	; 3
    000000FC 03                     339 	.db #0x03	; 3
    000000FD 03                     340 	.db #0x03	; 3
    000000FE 03                     341 	.db #0x03	; 3
    000000FF 03                     342 	.db #0x03	; 3
    00000100 03                     343 	.db #0x03	; 3
    00000101 03                     344 	.db #0x03	; 3
    00000102 03                     345 	.db #0x03	; 3
    00000103 03                     346 	.db #0x03	; 3
    00000104 03                     347 	.db #0x03	; 3
    00000105 03                     348 	.db #0x03	; 3
    00000106 03                     349 	.db #0x03	; 3
    00000107 03                     350 	.db #0x03	; 3
    00000108 03                     351 	.db #0x03	; 3
    00000109 03                     352 	.db #0x03	; 3
    0000010A 03                     353 	.db #0x03	; 3
    0000010B 03                     354 	.db #0x03	; 3
    0000010C 03                     355 	.db #0x03	; 3
    0000010D 03                     356 	.db #0x03	; 3
    0000010E 03                     357 	.db #0x03	; 3
    0000010F 03                     358 	.db #0x03	; 3
    00000110 03                     359 	.db #0x03	; 3
    00000111 03                     360 	.db #0x03	; 3
    00000112 03                     361 	.db #0x03	; 3
    00000113 03                     362 	.db #0x03	; 3
    00000114 03                     363 	.db #0x03	; 3
    00000115 03                     364 	.db #0x03	; 3
    00000116 03                     365 	.db #0x03	; 3
    00000117 03                     366 	.db #0x03	; 3
    00000118 03                     367 	.db #0x03	; 3
    00000119 03                     368 	.db #0x03	; 3
    0000011A 03                     369 	.db #0x03	; 3
    0000011B 03                     370 	.db #0x03	; 3
    0000011C 03                     371 	.db #0x03	; 3
    0000011D 03                     372 	.db #0x03	; 3
    0000011E 03                     373 	.db #0x03	; 3
    0000011F 03                     374 	.db #0x03	; 3
    00000120 03                     375 	.db #0x03	; 3
    00000121 03                     376 	.db #0x03	; 3
    00000122 03                     377 	.db #0x03	; 3
    00000123 03                     378 	.db #0x03	; 3
    00000124 03                     379 	.db #0x03	; 3
    00000125 03                     380 	.db #0x03	; 3
    00000126 03                     381 	.db #0x03	; 3
    00000127 03                     382 	.db #0x03	; 3
    00000128 03                     383 	.db #0x03	; 3
    00000129 03                     384 	.db #0x03	; 3
    0000012A 03                     385 	.db #0x03	; 3
    0000012B 03                     386 	.db #0x03	; 3
    0000012C 03                     387 	.db #0x03	; 3
    0000012D 4A                     388 	.db #0x4a	; 74	'J'
    0000012E 4B                     389 	.db #0x4b	; 75	'K'
    0000012F 4C                     390 	.db #0x4c	; 76	'L'
    00000130 4D                     391 	.db #0x4d	; 77	'M'
    00000131 4E                     392 	.db #0x4e	; 78	'N'
    00000132 03                     393 	.db #0x03	; 3
    00000133 03                     394 	.db #0x03	; 3
    00000134 03                     395 	.db #0x03	; 3
    00000135 03                     396 	.db #0x03	; 3
    00000136 03                     397 	.db #0x03	; 3
    00000137 03                     398 	.db #0x03	; 3
    00000138 03                     399 	.db #0x03	; 3
    00000139 03                     400 	.db #0x03	; 3
    0000013A 03                     401 	.db #0x03	; 3
    0000013B 03                     402 	.db #0x03	; 3
    0000013C 03                     403 	.db #0x03	; 3
    0000013D 03                     404 	.db #0x03	; 3
    0000013E 03                     405 	.db #0x03	; 3
    0000013F 03                     406 	.db #0x03	; 3
    00000140 03                     407 	.db #0x03	; 3
    00000141 03                     408 	.db #0x03	; 3
    00000142 03                     409 	.db #0x03	; 3
    00000143 03                     410 	.db #0x03	; 3
    00000144 03                     411 	.db #0x03	; 3
    00000145 03                     412 	.db #0x03	; 3
    00000146 03                     413 	.db #0x03	; 3
    00000147 03                     414 	.db #0x03	; 3
    00000148 03                     415 	.db #0x03	; 3
    00000149 03                     416 	.db #0x03	; 3
    0000014A 03                     417 	.db #0x03	; 3
    0000014B 03                     418 	.db #0x03	; 3
    0000014C 03                     419 	.db #0x03	; 3
    0000014D 03                     420 	.db #0x03	; 3
    0000014E 03                     421 	.db #0x03	; 3
    0000014F 03                     422 	.db #0x03	; 3
    00000150 03                     423 	.db #0x03	; 3
    00000151 03                     424 	.db #0x03	; 3
    00000152 03                     425 	.db #0x03	; 3
    00000153 03                     426 	.db #0x03	; 3
    00000154 03                     427 	.db #0x03	; 3
    00000155 03                     428 	.db #0x03	; 3
    00000156 03                     429 	.db #0x03	; 3
    00000157 03                     430 	.db #0x03	; 3
    00000158 03                     431 	.db #0x03	; 3
    00000159 03                     432 	.db #0x03	; 3
    0000015A 03                     433 	.db #0x03	; 3
    0000015B 03                     434 	.db #0x03	; 3
    0000015C 03                     435 	.db #0x03	; 3
    0000015D 03                     436 	.db #0x03	; 3
    0000015E 03                     437 	.db #0x03	; 3
    0000015F 03                     438 	.db #0x03	; 3
    00000160 03                     439 	.db #0x03	; 3
    00000161 03                     440 	.db #0x03	; 3
    00000162 03                     441 	.db #0x03	; 3
    00000163 03                     442 	.db #0x03	; 3
    00000164 03                     443 	.db #0x03	; 3
    00000165 03                     444 	.db #0x03	; 3
    00000166 03                     445 	.db #0x03	; 3
    00000167 03                     446 	.db #0x03	; 3
    00000168                        447 __xinit__TitleScreenTiles:
    00000168 FF                     448 	.db #0xff	; 255
    00000169 FF                     449 	.db #0xff	; 255
    0000016A FF                     450 	.db #0xff	; 255
    0000016B FC                     451 	.db #0xfc	; 252
    0000016C FF                     452 	.db #0xff	; 255
    0000016D F8                     453 	.db #0xf8	; 248
    0000016E FF                     454 	.db #0xff	; 255
    0000016F E0                     455 	.db #0xe0	; 224
    00000170 FF                     456 	.db #0xff	; 255
    00000171 C0                     457 	.db #0xc0	; 192
    00000172 FC                     458 	.db #0xfc	; 252
    00000173 8F                     459 	.db #0x8f	; 143
    00000174 F8                     460 	.db #0xf8	; 248
    00000175 3F                     461 	.db #0x3f	; 63
    00000176 E1                     462 	.db #0xe1	; 225
    00000177 FE                     463 	.db #0xfe	; 254
    00000178 FF                     464 	.db #0xff	; 255
    00000179 07                     465 	.db #0x07	; 7
    0000017A FF                     466 	.db #0xff	; 255
    0000017B 00                     467 	.db #0x00	; 0
    0000017C FF                     468 	.db #0xff	; 255
    0000017D 00                     469 	.db #0x00	; 0
    0000017E FF                     470 	.db #0xff	; 255
    0000017F 00                     471 	.db #0x00	; 0
    00000180 FF                     472 	.db #0xff	; 255
    00000181 00                     473 	.db #0x00	; 0
    00000182 3F                     474 	.db #0x3f	; 63
    00000183 C0                     475 	.db #0xc0	; 192
    00000184 71                     476 	.db #0x71	; 113	'q'
    00000185 8E                     477 	.db #0x8e	; 142
    00000186 F0                     478 	.db #0xf0	; 240
    00000187 0F                     479 	.db #0x0f	; 15
    00000188 FF                     480 	.db #0xff	; 255
    00000189 FF                     481 	.db #0xff	; 255
    0000018A FF                     482 	.db #0xff	; 255
    0000018B FF                     483 	.db #0xff	; 255
    0000018C FF                     484 	.db #0xff	; 255
    0000018D 3F                     485 	.db #0x3f	; 63
    0000018E FF                     486 	.db #0xff	; 255
    0000018F 0F                     487 	.db #0x0f	; 15
    00000190 FF                     488 	.db #0xff	; 255
    00000191 03                     489 	.db #0x03	; 3
    00000192 FF                     490 	.db #0xff	; 255
    00000193 01                     491 	.db #0x01	; 1
    00000194 FF                     492 	.db #0xff	; 255
    00000195 03                     493 	.db #0x03	; 3
    00000196 FF                     494 	.db #0xff	; 255
    00000197 07                     495 	.db #0x07	; 7
    00000198 FF                     496 	.db #0xff	; 255
    00000199 FF                     497 	.db #0xff	; 255
    0000019A FF                     498 	.db #0xff	; 255
    0000019B FF                     499 	.db #0xff	; 255
    0000019C FF                     500 	.db #0xff	; 255
    0000019D FF                     501 	.db #0xff	; 255
    0000019E FF                     502 	.db #0xff	; 255
    0000019F FF                     503 	.db #0xff	; 255
    000001A0 FF                     504 	.db #0xff	; 255
    000001A1 FF                     505 	.db #0xff	; 255
    000001A2 FF                     506 	.db #0xff	; 255
    000001A3 FF                     507 	.db #0xff	; 255
    000001A4 FF                     508 	.db #0xff	; 255
    000001A5 FF                     509 	.db #0xff	; 255
    000001A6 FF                     510 	.db #0xff	; 255
    000001A7 FF                     511 	.db #0xff	; 255
    000001A8 FF                     512 	.db #0xff	; 255
    000001A9 FF                     513 	.db #0xff	; 255
    000001AA FF                     514 	.db #0xff	; 255
    000001AB FF                     515 	.db #0xff	; 255
    000001AC FF                     516 	.db #0xff	; 255
    000001AD FF                     517 	.db #0xff	; 255
    000001AE FF                     518 	.db #0xff	; 255
    000001AF FF                     519 	.db #0xff	; 255
    000001B0 FF                     520 	.db #0xff	; 255
    000001B1 FF                     521 	.db #0xff	; 255
    000001B2 FF                     522 	.db #0xff	; 255
    000001B3 FF                     523 	.db #0xff	; 255
    000001B4 FF                     524 	.db #0xff	; 255
    000001B5 FF                     525 	.db #0xff	; 255
    000001B6 FF                     526 	.db #0xff	; 255
    000001B7 FB                     527 	.db #0xfb	; 251
    000001B8 FF                     528 	.db #0xff	; 255
    000001B9 FE                     529 	.db #0xfe	; 254
    000001BA FF                     530 	.db #0xff	; 255
    000001BB F8                     531 	.db #0xf8	; 248
    000001BC FF                     532 	.db #0xff	; 255
    000001BD E0                     533 	.db #0xe0	; 224
    000001BE FF                     534 	.db #0xff	; 255
    000001BF E0                     535 	.db #0xe0	; 224
    000001C0 FF                     536 	.db #0xff	; 255
    000001C1 E0                     537 	.db #0xe0	; 224
    000001C2 FF                     538 	.db #0xff	; 255
    000001C3 F0                     539 	.db #0xf0	; 240
    000001C4 EF                     540 	.db #0xef	; 239
    000001C5 F0                     541 	.db #0xf0	; 240
    000001C6 EF                     542 	.db #0xef	; 239
    000001C7 F0                     543 	.db #0xf0	; 240
    000001C8 FF                     544 	.db #0xff	; 255
    000001C9 7F                     545 	.db #0x7f	; 127
    000001CA FF                     546 	.db #0xff	; 255
    000001CB 7F                     547 	.db #0x7f	; 127
    000001CC FF                     548 	.db #0xff	; 255
    000001CD FF                     549 	.db #0xff	; 255
    000001CE 7F                     550 	.db #0x7f	; 127
    000001CF FF                     551 	.db #0xff	; 255
    000001D0 7F                     552 	.db #0x7f	; 127
    000001D1 FF                     553 	.db #0xff	; 255
    000001D2 FF                     554 	.db #0xff	; 255
    000001D3 FF                     555 	.db #0xff	; 255
    000001D4 FF                     556 	.db #0xff	; 255
    000001D5 FF                     557 	.db #0xff	; 255
    000001D6 FF                     558 	.db #0xff	; 255
    000001D7 FF                     559 	.db #0xff	; 255
    000001D8 C7                     560 	.db #0xc7	; 199
    000001D9 F8                     561 	.db #0xf8	; 248
    000001DA 8F                     562 	.db #0x8f	; 143
    000001DB F0                     563 	.db #0xf0	; 240
    000001DC 3F                     564 	.db #0x3f	; 63
    000001DD F0                     565 	.db #0xf0	; 240
    000001DE FF                     566 	.db #0xff	; 255
    000001DF F0                     567 	.db #0xf0	; 240
    000001E0 FF                     568 	.db #0xff	; 255
    000001E1 F8                     569 	.db #0xf8	; 248
    000001E2 F7                     570 	.db #0xf7	; 247
    000001E3 F8                     571 	.db #0xf8	; 248
    000001E4 F7                     572 	.db #0xf7	; 247
    000001E5 F8                     573 	.db #0xf8	; 248
    000001E6 F7                     574 	.db #0xf7	; 247
    000001E7 F8                     575 	.db #0xf8	; 248
    000001E8 E0                     576 	.db #0xe0	; 224
    000001E9 1F                     577 	.db #0x1f	; 31
    000001EA E0                     578 	.db #0xe0	; 224
    000001EB 1F                     579 	.db #0x1f	; 31
    000001EC EE                     580 	.db #0xee	; 238
    000001ED 1F                     581 	.db #0x1f	; 31
    000001EE FF                     582 	.db #0xff	; 255
    000001EF 00                     583 	.db #0x00	; 0
    000001F0 FF                     584 	.db #0xff	; 255
    000001F1 00                     585 	.db #0x00	; 0
    000001F2 FF                     586 	.db #0xff	; 255
    000001F3 00                     587 	.db #0x00	; 0
    000001F4 FF                     588 	.db #0xff	; 255
    000001F5 00                     589 	.db #0x00	; 0
    000001F6 E0                     590 	.db #0xe0	; 224
    000001F7 1F                     591 	.db #0x1f	; 31
    000001F8 FB                     592 	.db #0xfb	; 251
    000001F9 07                     593 	.db #0x07	; 7
    000001FA F9                     594 	.db #0xf9	; 249
    000001FB 07                     595 	.db #0x07	; 7
    000001FC FB                     596 	.db #0xfb	; 251
    000001FD 07                     597 	.db #0x07	; 7
    000001FE FF                     598 	.db #0xff	; 255
    000001FF 07                     599 	.db #0x07	; 7
    00000200 FF                     600 	.db #0xff	; 255
    00000201 07                     601 	.db #0x07	; 7
    00000202 FF                     602 	.db #0xff	; 255
    00000203 07                     603 	.db #0x07	; 7
    00000204 FF                     604 	.db #0xff	; 255
    00000205 07                     605 	.db #0x07	; 7
    00000206 FF                     606 	.db #0xff	; 255
    00000207 07                     607 	.db #0x07	; 7
    00000208 FF                     608 	.db #0xff	; 255
    00000209 C7                     609 	.db #0xc7	; 199
    0000020A FF                     610 	.db #0xff	; 255
    0000020B 82                     611 	.db #0x82	; 130
    0000020C FF                     612 	.db #0xff	; 255
    0000020D 00                     613 	.db #0x00	; 0
    0000020E FF                     614 	.db #0xff	; 255
    0000020F 00                     615 	.db #0x00	; 0
    00000210 FF                     616 	.db #0xff	; 255
    00000211 80                     617 	.db #0x80	; 128
    00000212 BE                     618 	.db #0xbe	; 190
    00000213 C1                     619 	.db #0xc1	; 193
    00000214 3E                     620 	.db #0x3e	; 62
    00000215 C1                     621 	.db #0xc1	; 193
    00000216 3E                     622 	.db #0x3e	; 62
    00000217 C1                     623 	.db #0xc1	; 193
    00000218 FF                     624 	.db #0xff	; 255
    00000219 1F                     625 	.db #0x1f	; 31
    0000021A FF                     626 	.db #0xff	; 255
    0000021B 0F                     627 	.db #0x0f	; 15
    0000021C FF                     628 	.db #0xff	; 255
    0000021D 07                     629 	.db #0x07	; 7
    0000021E FF                     630 	.db #0xff	; 255
    0000021F 07                     631 	.db #0x07	; 7
    00000220 FF                     632 	.db #0xff	; 255
    00000221 03                     633 	.db #0x03	; 3
    00000222 7F                     634 	.db #0x7f	; 127
    00000223 81                     635 	.db #0x81	; 129
    00000224 3F                     636 	.db #0x3f	; 63
    00000225 C1                     637 	.db #0xc1	; 193
    00000226 3F                     638 	.db #0x3f	; 63
    00000227 C1                     639 	.db #0xc1	; 193
    00000228 FF                     640 	.db #0xff	; 255
    00000229 FC                     641 	.db #0xfc	; 252
    0000022A FF                     642 	.db #0xff	; 255
    0000022B F8                     643 	.db #0xf8	; 248
    0000022C FF                     644 	.db #0xff	; 255
    0000022D E0                     645 	.db #0xe0	; 224
    0000022E FF                     646 	.db #0xff	; 255
    0000022F C0                     647 	.db #0xc0	; 192
    00000230 FD                     648 	.db #0xfd	; 253
    00000231 82                     649 	.db #0x82	; 130
    00000232 FC                     650 	.db #0xfc	; 252
    00000233 83                     651 	.db #0x83	; 131
    00000234 FC                     652 	.db #0xfc	; 252
    00000235 83                     653 	.db #0x83	; 131
    00000236 FC                     654 	.db #0xfc	; 252
    00000237 83                     655 	.db #0x83	; 131
    00000238 FF                     656 	.db #0xff	; 255
    00000239 7F                     657 	.db #0x7f	; 127
    0000023A FF                     658 	.db #0xff	; 255
    0000023B 3F                     659 	.db #0x3f	; 63
    0000023C FF                     660 	.db #0xff	; 255
    0000023D 1F                     661 	.db #0x1f	; 31
    0000023E FF                     662 	.db #0xff	; 255
    0000023F 0F                     663 	.db #0x0f	; 15
    00000240 FF                     664 	.db #0xff	; 255
    00000241 07                     665 	.db #0x07	; 7
    00000242 FF                     666 	.db #0xff	; 255
    00000243 07                     667 	.db #0x07	; 7
    00000244 7F                     668 	.db #0x7f	; 127
    00000245 86                     669 	.db #0x86	; 134
    00000246 7F                     670 	.db #0x7f	; 127
    00000247 82                     671 	.db #0x82	; 130
    00000248 FF                     672 	.db #0xff	; 255
    00000249 F0                     673 	.db #0xf0	; 240
    0000024A FF                     674 	.db #0xff	; 255
    0000024B E0                     675 	.db #0xe0	; 224
    0000024C FF                     676 	.db #0xff	; 255
    0000024D C0                     677 	.db #0xc0	; 192
    0000024E FF                     678 	.db #0xff	; 255
    0000024F 80                     679 	.db #0x80	; 128
    00000250 F7                     680 	.db #0xf7	; 247
    00000251 08                     681 	.db #0x08	; 8
    00000252 E1                     682 	.db #0xe1	; 225
    00000253 1E                     683 	.db #0x1e	; 30
    00000254 E0                     684 	.db #0xe0	; 224
    00000255 1F                     685 	.db #0x1f	; 31
    00000256 E0                     686 	.db #0xe0	; 224
    00000257 1F                     687 	.db #0x1f	; 31
    00000258 FF                     688 	.db #0xff	; 255
    00000259 FC                     689 	.db #0xfc	; 252
    0000025A FF                     690 	.db #0xff	; 255
    0000025B 78                     691 	.db #0x78	; 120	'x'
    0000025C FF                     692 	.db #0xff	; 255
    0000025D 18                     693 	.db #0x18	; 24
    0000025E FF                     694 	.db #0xff	; 255
    0000025F 18                     695 	.db #0x18	; 24
    00000260 FF                     696 	.db #0xff	; 255
    00000261 3C                     697 	.db #0x3c	; 60
    00000262 FB                     698 	.db #0xfb	; 251
    00000263 7C                     699 	.db #0x7c	; 124
    00000264 1B                     700 	.db #0x1b	; 27
    00000265 FC                     701 	.db #0xfc	; 252
    00000266 1B                     702 	.db #0x1b	; 27
    00000267 FC                     703 	.db #0xfc	; 252
    00000268 FF                     704 	.db #0xff	; 255
    00000269 73                     705 	.db #0x73	; 115	's'
    0000026A FF                     706 	.db #0xff	; 255
    0000026B 21                     707 	.db #0x21	; 33
    0000026C FF                     708 	.db #0xff	; 255
    0000026D 00                     709 	.db #0x00	; 0
    0000026E FF                     710 	.db #0xff	; 255
    0000026F 00                     711 	.db #0x00	; 0
    00000270 FF                     712 	.db #0xff	; 255
    00000271 10                     713 	.db #0x10	; 16
    00000272 E7                     714 	.db #0xe7	; 231
    00000273 38                     715 	.db #0x38	; 56	'8'
    00000274 C3                     716 	.db #0xc3	; 195
    00000275 3C                     717 	.db #0x3c	; 60
    00000276 C2                     718 	.db #0xc2	; 194
    00000277 3D                     719 	.db #0x3d	; 61
    00000278 FF                     720 	.db #0xff	; 255
    00000279 F8                     721 	.db #0xf8	; 248
    0000027A FF                     722 	.db #0xff	; 255
    0000027B F0                     723 	.db #0xf0	; 240
    0000027C FF                     724 	.db #0xff	; 255
    0000027D F0                     725 	.db #0xf0	; 240
    0000027E FF                     726 	.db #0xff	; 255
    0000027F 70                     727 	.db #0x70	; 112	'p'
    00000280 FF                     728 	.db #0xff	; 255
    00000281 78                     729 	.db #0x78	; 120	'x'
    00000282 F7                     730 	.db #0xf7	; 247
    00000283 78                     731 	.db #0x78	; 120	'x'
    00000284 F7                     732 	.db #0xf7	; 247
    00000285 F8                     733 	.db #0xf8	; 248
    00000286 77                     734 	.db #0x77	; 119	'w'
    00000287 F8                     735 	.db #0xf8	; 248
    00000288 FF                     736 	.db #0xff	; 255
    00000289 F8                     737 	.db #0xf8	; 248
    0000028A FF                     738 	.db #0xff	; 255
    0000028B 78                     739 	.db #0x78	; 120	'x'
    0000028C FF                     740 	.db #0xff	; 255
    0000028D 30                     741 	.db #0x30	; 48	'0'
    0000028E FF                     742 	.db #0xff	; 255
    0000028F 30                     743 	.db #0x30	; 48	'0'
    00000290 FF                     744 	.db #0xff	; 255
    00000291 78                     745 	.db #0x78	; 120	'x'
    00000292 FF                     746 	.db #0xff	; 255
    00000293 78                     747 	.db #0x78	; 120	'x'
    00000294 B7                     748 	.db #0xb7	; 183
    00000295 78                     749 	.db #0x78	; 120	'x'
    00000296 B7                     750 	.db #0xb7	; 183
    00000297 78                     751 	.db #0x78	; 120	'x'
    00000298 FF                     752 	.db #0xff	; 255
    00000299 F8                     753 	.db #0xf8	; 248
    0000029A FF                     754 	.db #0xff	; 255
    0000029B 70                     755 	.db #0x70	; 112	'p'
    0000029C FF                     756 	.db #0xff	; 255
    0000029D 20                     757 	.db #0x20	; 32
    0000029E FF                     758 	.db #0xff	; 255
    0000029F 20                     759 	.db #0x20	; 32
    000002A0 FF                     760 	.db #0xff	; 255
    000002A1 30                     761 	.db #0x30	; 48	'0'
    000002A2 F7                     762 	.db #0xf7	; 247
    000002A3 78                     763 	.db #0x78	; 120	'x'
    000002A4 A7                     764 	.db #0xa7	; 167
    000002A5 78                     765 	.db #0x78	; 120	'x'
    000002A6 A7                     766 	.db #0xa7	; 167
    000002A7 78                     767 	.db #0x78	; 120	'x'
    000002A8 FF                     768 	.db #0xff	; 255
    000002A9 E3                     769 	.db #0xe3	; 227
    000002AA FF                     770 	.db #0xff	; 255
    000002AB 41                     771 	.db #0x41	; 65	'A'
    000002AC FF                     772 	.db #0xff	; 255
    000002AD 00                     773 	.db #0x00	; 0
    000002AE FF                     774 	.db #0xff	; 255
    000002AF 00                     775 	.db #0x00	; 0
    000002B0 FF                     776 	.db #0xff	; 255
    000002B1 00                     777 	.db #0x00	; 0
    000002B2 CF                     778 	.db #0xcf	; 207
    000002B3 30                     779 	.db #0x30	; 48	'0'
    000002B4 C7                     780 	.db #0xc7	; 199
    000002B5 38                     781 	.db #0x38	; 56	'8'
    000002B6 C7                     782 	.db #0xc7	; 199
    000002B7 38                     783 	.db #0x38	; 56	'8'
    000002B8 F7                     784 	.db #0xf7	; 247
    000002B9 F8                     785 	.db #0xf8	; 248
    000002BA FF                     786 	.db #0xff	; 255
    000002BB F8                     787 	.db #0xf8	; 248
    000002BC FF                     788 	.db #0xff	; 255
    000002BD F8                     789 	.db #0xf8	; 248
    000002BE FF                     790 	.db #0xff	; 255
    000002BF F8                     791 	.db #0xf8	; 248
    000002C0 FF                     792 	.db #0xff	; 255
    000002C1 78                     793 	.db #0x78	; 120	'x'
    000002C2 FF                     794 	.db #0xff	; 255
    000002C3 78                     795 	.db #0x78	; 120	'x'
    000002C4 FF                     796 	.db #0xff	; 255
    000002C5 38                     797 	.db #0x38	; 56	'8'
    000002C6 FF                     798 	.db #0xff	; 255
    000002C7 38                     799 	.db #0x38	; 56	'8'
    000002C8 FF                     800 	.db #0xff	; 255
    000002C9 67                     801 	.db #0x67	; 103	'g'
    000002CA FF                     802 	.db #0xff	; 255
    000002CB 03                     803 	.db #0x03	; 3
    000002CC FF                     804 	.db #0xff	; 255
    000002CD 01                     805 	.db #0x01	; 1
    000002CE FF                     806 	.db #0xff	; 255
    000002CF 00                     807 	.db #0x00	; 0
    000002D0 FF                     808 	.db #0xff	; 255
    000002D1 40                     809 	.db #0x40	; 64
    000002D2 BF                     810 	.db #0xbf	; 191
    000002D3 40                     811 	.db #0x40	; 64
    000002D4 9F                     812 	.db #0x9f	; 159
    000002D5 60                     813 	.db #0x60	; 96
    000002D6 8F                     814 	.db #0x8f	; 143
    000002D7 70                     815 	.db #0x70	; 112	'p'
    000002D8 FF                     816 	.db #0xff	; 255
    000002D9 FF                     817 	.db #0xff	; 255
    000002DA FF                     818 	.db #0xff	; 255
    000002DB FE                     819 	.db #0xfe	; 254
    000002DC FF                     820 	.db #0xff	; 255
    000002DD FC                     821 	.db #0xfc	; 252
    000002DE FF                     822 	.db #0xff	; 255
    000002DF F0                     823 	.db #0xf0	; 240
    000002E0 FF                     824 	.db #0xff	; 255
    000002E1 E0                     825 	.db #0xe0	; 224
    000002E2 FF                     826 	.db #0xff	; 255
    000002E3 60                     827 	.db #0x60	; 96
    000002E4 FF                     828 	.db #0xff	; 255
    000002E5 60                     829 	.db #0x60	; 96
    000002E6 FF                     830 	.db #0xff	; 255
    000002E7 60                     831 	.db #0x60	; 96
    000002E8 FF                     832 	.db #0xff	; 255
    000002E9 0F                     833 	.db #0x0f	; 15
    000002EA FF                     834 	.db #0xff	; 255
    000002EB 07                     835 	.db #0x07	; 7
    000002EC FF                     836 	.db #0xff	; 255
    000002ED 07                     837 	.db #0x07	; 7
    000002EE FF                     838 	.db #0xff	; 255
    000002EF 03                     839 	.db #0x03	; 3
    000002F0 7F                     840 	.db #0x7f	; 127
    000002F1 81                     841 	.db #0x81	; 129
    000002F2 3F                     842 	.db #0x3f	; 63
    000002F3 C1                     843 	.db #0xc1	; 193
    000002F4 1F                     844 	.db #0x1f	; 31
    000002F5 E0                     845 	.db #0xe0	; 224
    000002F6 1F                     846 	.db #0x1f	; 31
    000002F7 E0                     847 	.db #0xe0	; 224
    000002F8 FF                     848 	.db #0xff	; 255
    000002F9 E3                     849 	.db #0xe3	; 227
    000002FA FF                     850 	.db #0xff	; 255
    000002FB C1                     851 	.db #0xc1	; 193
    000002FC FF                     852 	.db #0xff	; 255
    000002FD 80                     853 	.db #0x80	; 128
    000002FE FF                     854 	.db #0xff	; 255
    000002FF C0                     855 	.db #0xc0	; 192
    00000300 FF                     856 	.db #0xff	; 255
    00000301 C1                     857 	.db #0xc1	; 193
    00000302 FF                     858 	.db #0xff	; 255
    00000303 C1                     859 	.db #0xc1	; 193
    00000304 BE                     860 	.db #0xbe	; 190
    00000305 C1                     861 	.db #0xc1	; 193
    00000306 FE                     862 	.db #0xfe	; 254
    00000307 C1                     863 	.db #0xc1	; 193
    00000308 FF                     864 	.db #0xff	; 255
    00000309 1F                     865 	.db #0x1f	; 31
    0000030A FF                     866 	.db #0xff	; 255
    0000030B 0F                     867 	.db #0x0f	; 15
    0000030C FF                     868 	.db #0xff	; 255
    0000030D 03                     869 	.db #0x03	; 3
    0000030E FF                     870 	.db #0xff	; 255
    0000030F 01                     871 	.db #0x01	; 1
    00000310 7F                     872 	.db #0x7f	; 127
    00000311 81                     873 	.db #0x81	; 129
    00000312 3F                     874 	.db #0x3f	; 63
    00000313 C1                     875 	.db #0xc1	; 193
    00000314 3F                     876 	.db #0x3f	; 63
    00000315 C1                     877 	.db #0xc1	; 193
    00000316 3D                     878 	.db #0x3d	; 61
    00000317 C3                     879 	.db #0xc3	; 195
    00000318 FF                     880 	.db #0xff	; 255
    00000319 F8                     881 	.db #0xf8	; 248
    0000031A FF                     882 	.db #0xff	; 255
    0000031B F8                     883 	.db #0xf8	; 248
    0000031C FF                     884 	.db #0xff	; 255
    0000031D F8                     885 	.db #0xf8	; 248
    0000031E FF                     886 	.db #0xff	; 255
    0000031F F8                     887 	.db #0xf8	; 248
    00000320 FF                     888 	.db #0xff	; 255
    00000321 F0                     889 	.db #0xf0	; 240
    00000322 FF                     890 	.db #0xff	; 255
    00000323 F0                     891 	.db #0xf0	; 240
    00000324 FF                     892 	.db #0xff	; 255
    00000325 F0                     893 	.db #0xf0	; 240
    00000326 FF                     894 	.db #0xff	; 255
    00000327 F0                     895 	.db #0xf0	; 240
    00000328 C0                     896 	.db #0xc0	; 192
    00000329 3F                     897 	.db #0x3f	; 63
    0000032A C0                     898 	.db #0xc0	; 192
    0000032B 3F                     899 	.db #0x3f	; 63
    0000032C C0                     900 	.db #0xc0	; 192
    0000032D 3F                     901 	.db #0x3f	; 63
    0000032E DF                     902 	.db #0xdf	; 223
    0000032F 3F                     903 	.db #0x3f	; 63
    00000330 BF                     904 	.db #0xbf	; 191
    00000331 7F                     905 	.db #0x7f	; 127
    00000332 BF                     906 	.db #0xbf	; 191
    00000333 7F                     907 	.db #0x7f	; 127
    00000334 3F                     908 	.db #0x3f	; 63
    00000335 FF                     909 	.db #0xff	; 255
    00000336 3F                     910 	.db #0x3f	; 63
    00000337 FF                     911 	.db #0xff	; 255
    00000338 7F                     912 	.db #0x7f	; 127
    00000339 87                     913 	.db #0x87	; 135
    0000033A FF                     914 	.db #0xff	; 255
    0000033B 07                     915 	.db #0x07	; 7
    0000033C FF                     916 	.db #0xff	; 255
    0000033D 07                     917 	.db #0x07	; 7
    0000033E FF                     918 	.db #0xff	; 255
    0000033F 03                     919 	.db #0x03	; 3
    00000340 FF                     920 	.db #0xff	; 255
    00000341 03                     921 	.db #0x03	; 3
    00000342 FF                     922 	.db #0xff	; 255
    00000343 01                     923 	.db #0x01	; 1
    00000344 FF                     924 	.db #0xff	; 255
    00000345 01                     925 	.db #0x01	; 1
    00000346 3F                     926 	.db #0x3f	; 63
    00000347 C3                     927 	.db #0xc3	; 195
    00000348 BE                     928 	.db #0xbe	; 190
    00000349 C1                     929 	.db #0xc1	; 193
    0000034A FF                     930 	.db #0xff	; 255
    0000034B C1                     931 	.db #0xc1	; 193
    0000034C FF                     932 	.db #0xff	; 255
    0000034D C1                     933 	.db #0xc1	; 193
    0000034E FF                     934 	.db #0xff	; 255
    0000034F 81                     935 	.db #0x81	; 129
    00000350 FF                     936 	.db #0xff	; 255
    00000351 80                     937 	.db #0x80	; 128
    00000352 FF                     938 	.db #0xff	; 255
    00000353 00                     939 	.db #0x00	; 0
    00000354 FF                     940 	.db #0xff	; 255
    00000355 00                     941 	.db #0x00	; 0
    00000356 BF                     942 	.db #0xbf	; 191
    00000357 C0                     943 	.db #0xc0	; 192
    00000358 1F                     944 	.db #0x1f	; 31
    00000359 E1                     945 	.db #0xe1	; 225
    0000035A 9F                     946 	.db #0x9f	; 159
    0000035B E1                     947 	.db #0xe1	; 225
    0000035C DF                     948 	.db #0xdf	; 223
    0000035D E1                     949 	.db #0xe1	; 225
    0000035E DD                     950 	.db #0xdd	; 221
    0000035F E3                     951 	.db #0xe3	; 227
    00000360 F9                     952 	.db #0xf9	; 249
    00000361 47                     953 	.db #0x47	; 71	'G'
    00000362 F1                     954 	.db #0xf1	; 241
    00000363 0F                     955 	.db #0x0f	; 15
    00000364 F1                     956 	.db #0xf1	; 241
    00000365 0F                     957 	.db #0x0f	; 15
    00000366 E3                     958 	.db #0xe3	; 227
    00000367 1F                     959 	.db #0x1f	; 31
    00000368 FE                     960 	.db #0xfe	; 254
    00000369 83                     961 	.db #0x83	; 131
    0000036A FF                     962 	.db #0xff	; 255
    0000036B 83                     963 	.db #0x83	; 131
    0000036C FF                     964 	.db #0xff	; 255
    0000036D 83                     965 	.db #0x83	; 131
    0000036E FF                     966 	.db #0xff	; 255
    0000036F 83                     967 	.db #0x83	; 131
    00000370 FF                     968 	.db #0xff	; 255
    00000371 80                     969 	.db #0x80	; 128
    00000372 FF                     970 	.db #0xff	; 255
    00000373 00                     971 	.db #0x00	; 0
    00000374 FF                     972 	.db #0xff	; 255
    00000375 00                     973 	.db #0x00	; 0
    00000376 BF                     974 	.db #0xbf	; 191
    00000377 C0                     975 	.db #0xc0	; 192
    00000378 7F                     976 	.db #0x7f	; 127
    00000379 82                     977 	.db #0x82	; 130
    0000037A 3F                     978 	.db #0x3f	; 63
    0000037B C2                     979 	.db #0xc2	; 194
    0000037C BF                     980 	.db #0xbf	; 191
    0000037D C6                     981 	.db #0xc6	; 198
    0000037E BB                     982 	.db #0xbb	; 187
    0000037F C6                     983 	.db #0xc6	; 198
    00000380 B2                     984 	.db #0xb2	; 178
    00000381 CF                     985 	.db #0xcf	; 207
    00000382 E2                     986 	.db #0xe2	; 226
    00000383 1F                     987 	.db #0x1f	; 31
    00000384 C6                     988 	.db #0xc6	; 198
    00000385 3F                     989 	.db #0x3f	; 63
    00000386 C6                     990 	.db #0xc6	; 198
    00000387 7F                     991 	.db #0x7f	; 127
    00000388 E8                     992 	.db #0xe8	; 232
    00000389 1F                     993 	.db #0x1f	; 31
    0000038A FE                     994 	.db #0xfe	; 254
    0000038B 0F                     995 	.db #0x0f	; 15
    0000038C FF                     996 	.db #0xff	; 255
    0000038D 07                     997 	.db #0x07	; 7
    0000038E FF                     998 	.db #0xff	; 255
    0000038F 07                     999 	.db #0x07	; 7
    00000390 FF                    1000 	.db #0xff	; 255
    00000391 00                    1001 	.db #0x00	; 0
    00000392 FF                    1002 	.db #0xff	; 255
    00000393 00                    1003 	.db #0x00	; 0
    00000394 7F                    1004 	.db #0x7f	; 127
    00000395 80                    1005 	.db #0x80	; 128
    00000396 3F                    1006 	.db #0x3f	; 63
    00000397 C1                    1007 	.db #0xc1	; 193
    00000398 3F                    1008 	.db #0x3f	; 63
    00000399 FC                    1009 	.db #0xfc	; 252
    0000039A 7F                    1010 	.db #0x7f	; 127
    0000039B FC                    1011 	.db #0xfc	; 252
    0000039C FF                    1012 	.db #0xff	; 255
    0000039D FC                    1013 	.db #0xfc	; 252
    0000039E FF                    1014 	.db #0xff	; 255
    0000039F 3C                    1015 	.db #0x3c	; 60
    000003A0 FF                    1016 	.db #0xff	; 255
    000003A1 38                    1017 	.db #0x38	; 56	'8'
    000003A2 FF                    1018 	.db #0xff	; 255
    000003A3 78                    1019 	.db #0x78	; 120	'x'
    000003A4 FF                    1020 	.db #0xff	; 255
    000003A5 FC                    1021 	.db #0xfc	; 252
    000003A6 3D                    1022 	.db #0x3d	; 61
    000003A7 FE                    1023 	.db #0xfe	; 254
    000003A8 D0                    1024 	.db #0xd0	; 208
    000003A9 3F                    1025 	.db #0x3f	; 63
    000003AA F8                    1026 	.db #0xf8	; 248
    000003AB 3F                    1027 	.db #0x3f	; 63
    000003AC FC                    1028 	.db #0xfc	; 252
    000003AD 3F                    1029 	.db #0x3f	; 63
    000003AE FD                    1030 	.db #0xfd	; 253
    000003AF 1F                    1031 	.db #0x1f	; 31
    000003B0 FF                    1032 	.db #0xff	; 255
    000003B1 0F                    1033 	.db #0x0f	; 15
    000003B2 FF                    1034 	.db #0xff	; 255
    000003B3 07                    1035 	.db #0x07	; 7
    000003B4 FF                    1036 	.db #0xff	; 255
    000003B5 0F                    1037 	.db #0x0f	; 15
    000003B6 FF                    1038 	.db #0xff	; 255
    000003B7 0F                    1039 	.db #0x0f	; 15
    000003B8 7F                    1040 	.db #0x7f	; 127
    000003B9 F8                    1041 	.db #0xf8	; 248
    000003BA 7F                    1042 	.db #0x7f	; 127
    000003BB F8                    1043 	.db #0xf8	; 248
    000003BC FF                    1044 	.db #0xff	; 255
    000003BD F8                    1045 	.db #0xf8	; 248
    000003BE FF                    1046 	.db #0xff	; 255
    000003BF F0                    1047 	.db #0xf0	; 240
    000003C0 FF                    1048 	.db #0xff	; 255
    000003C1 F0                    1049 	.db #0xf0	; 240
    000003C2 FF                    1050 	.db #0xff	; 255
    000003C3 F0                    1051 	.db #0xf0	; 240
    000003C4 FF                    1052 	.db #0xff	; 255
    000003C5 F0                    1053 	.db #0xf0	; 240
    000003C6 FF                    1054 	.db #0xff	; 255
    000003C7 F0                    1055 	.db #0xf0	; 240
    000003C8 FF                    1056 	.db #0xff	; 255
    000003C9 70                    1057 	.db #0x70	; 112	'p'
    000003CA FF                    1058 	.db #0xff	; 255
    000003CB 70                    1059 	.db #0x70	; 112	'p'
    000003CC FE                    1060 	.db #0xfe	; 254
    000003CD 71                    1061 	.db #0x71	; 113	'q'
    000003CE FE                    1062 	.db #0xfe	; 254
    000003CF 71                    1063 	.db #0x71	; 113	'q'
    000003D0 FE                    1064 	.db #0xfe	; 254
    000003D1 71                    1065 	.db #0x71	; 113	'q'
    000003D2 FC                    1066 	.db #0xfc	; 252
    000003D3 63                    1067 	.db #0x63	; 99	'c'
    000003D4 FD                    1068 	.db #0xfd	; 253
    000003D5 23                    1069 	.db #0x23	; 35
    000003D6 F9                    1070 	.db #0xf9	; 249
    000003D7 07                    1071 	.db #0x07	; 7
    000003D8 37                    1072 	.db #0x37	; 55	'7'
    000003D9 F8                    1073 	.db #0xf8	; 248
    000003DA 7F                    1074 	.db #0x7f	; 127
    000003DB F8                    1075 	.db #0xf8	; 248
    000003DC 7F                    1076 	.db #0x7f	; 127
    000003DD F8                    1077 	.db #0xf8	; 248
    000003DE 7F                    1078 	.db #0x7f	; 127
    000003DF F0                    1079 	.db #0xf0	; 240
    000003E0 FF                    1080 	.db #0xff	; 255
    000003E1 F0                    1081 	.db #0xf0	; 240
    000003E2 FF                    1082 	.db #0xff	; 255
    000003E3 E0                    1083 	.db #0xe0	; 224
    000003E4 FF                    1084 	.db #0xff	; 255
    000003E5 E0                    1085 	.db #0xe0	; 224
    000003E6 F7                    1086 	.db #0xf7	; 247
    000003E7 F8                    1087 	.db #0xf8	; 248
    000003E8 C3                    1088 	.db #0xc3	; 195
    000003E9 3C                    1089 	.db #0x3c	; 60
    000003EA F3                    1090 	.db #0xf3	; 243
    000003EB 3C                    1091 	.db #0x3c	; 60
    000003EC FB                    1092 	.db #0xfb	; 251
    000003ED 3C                    1093 	.db #0x3c	; 60
    000003EE FB                    1094 	.db #0xfb	; 251
    000003EF 3C                    1095 	.db #0x3c	; 60
    000003F0 FF                    1096 	.db #0xff	; 255
    000003F1 08                    1097 	.db #0x08	; 8
    000003F2 FE                    1098 	.db #0xfe	; 254
    000003F3 01                    1099 	.db #0x01	; 1
    000003F4 FE                    1100 	.db #0xfe	; 254
    000003F5 01                    1101 	.db #0x01	; 1
    000003F6 FC                    1102 	.db #0xfc	; 252
    000003F7 03                    1103 	.db #0x03	; 3
    000003F8 FF                    1104 	.db #0xff	; 255
    000003F9 38                    1105 	.db #0x38	; 56	'8'
    000003FA FF                    1106 	.db #0xff	; 255
    000003FB 38                    1107 	.db #0x38	; 56	'8'
    000003FC FF                    1108 	.db #0xff	; 255
    000003FD 38                    1109 	.db #0x38	; 56	'8'
    000003FE BF                    1110 	.db #0xbf	; 191
    000003FF 70                    1111 	.db #0x70	; 112	'p'
    00000400 3F                    1112 	.db #0x3f	; 63
    00000401 F0                    1113 	.db #0xf0	; 240
    00000402 3F                    1114 	.db #0x3f	; 63
    00000403 E0                    1115 	.db #0xe0	; 224
    00000404 3F                    1116 	.db #0x3f	; 63
    00000405 E0                    1117 	.db #0xe0	; 224
    00000406 77                    1118 	.db #0x77	; 119	'w'
    00000407 F8                    1119 	.db #0xf8	; 248
    00000408 CF                    1120 	.db #0xcf	; 207
    00000409 70                    1121 	.db #0x70	; 112	'p'
    0000040A C7                    1122 	.db #0xc7	; 199
    0000040B 78                    1123 	.db #0x78	; 120	'x'
    0000040C E7                    1124 	.db #0xe7	; 231
    0000040D 78                    1125 	.db #0x78	; 120	'x'
    0000040E F7                    1126 	.db #0xf7	; 247
    0000040F 78                    1127 	.db #0x78	; 120	'x'
    00000410 F7                    1128 	.db #0xf7	; 247
    00000411 38                    1129 	.db #0x38	; 56	'8'
    00000412 FF                    1130 	.db #0xff	; 255
    00000413 08                    1131 	.db #0x08	; 8
    00000414 FF                    1132 	.db #0xff	; 255
    00000415 18                    1133 	.db #0x18	; 24
    00000416 FF                    1134 	.db #0xff	; 255
    00000417 38                    1135 	.db #0x38	; 56	'8'
    00000418 FF                    1136 	.db #0xff	; 255
    00000419 60                    1137 	.db #0x60	; 96
    0000041A FF                    1138 	.db #0xff	; 255
    0000041B 60                    1139 	.db #0x60	; 96
    0000041C FF                    1140 	.db #0xff	; 255
    0000041D 60                    1141 	.db #0x60	; 96
    0000041E FF                    1142 	.db #0xff	; 255
    0000041F 60                    1143 	.db #0x60	; 96
    00000420 FF                    1144 	.db #0xff	; 255
    00000421 60                    1145 	.db #0x60	; 96
    00000422 FF                    1146 	.db #0xff	; 255
    00000423 40                    1147 	.db #0x40	; 64
    00000424 FF                    1148 	.db #0xff	; 255
    00000425 60                    1149 	.db #0x60	; 96
    00000426 67                    1150 	.db #0x67	; 103	'g'
    00000427 F8                    1151 	.db #0xf8	; 248
    00000428 9F                    1152 	.db #0x9f	; 159
    00000429 E0                    1153 	.db #0xe0	; 224
    0000042A CF                    1154 	.db #0xcf	; 207
    0000042B F0                    1155 	.db #0xf0	; 240
    0000042C EE                    1156 	.db #0xee	; 238
    0000042D F1                    1157 	.db #0xf1	; 241
    0000042E EE                    1158 	.db #0xee	; 238
    0000042F F1                    1159 	.db #0xf1	; 241
    00000430 FC                    1160 	.db #0xfc	; 252
    00000431 23                    1161 	.db #0x23	; 35
    00000432 F8                    1162 	.db #0xf8	; 248
    00000433 07                    1163 	.db #0x07	; 7
    00000434 F1                    1164 	.db #0xf1	; 241
    00000435 0F                    1165 	.db #0x0f	; 15
    00000436 F1                    1166 	.db #0xf1	; 241
    00000437 0F                    1167 	.db #0x0f	; 15
    00000438 FF                    1168 	.db #0xff	; 255
    00000439 C1                    1169 	.db #0xc1	; 193
    0000043A FF                    1170 	.db #0xff	; 255
    0000043B C1                    1171 	.db #0xc1	; 193
    0000043C FF                    1172 	.db #0xff	; 255
    0000043D C1                    1173 	.db #0xc1	; 193
    0000043E FF                    1174 	.db #0xff	; 255
    0000043F C1                    1175 	.db #0xc1	; 193
    00000440 FF                    1176 	.db #0xff	; 255
    00000441 C1                    1177 	.db #0xc1	; 193
    00000442 FF                    1178 	.db #0xff	; 255
    00000443 C0                    1179 	.db #0xc0	; 192
    00000444 FF                    1180 	.db #0xff	; 255
    00000445 80                    1181 	.db #0x80	; 128
    00000446 FF                    1182 	.db #0xff	; 255
    00000447 C1                    1183 	.db #0xc1	; 193
    00000448 BD                    1184 	.db #0xbd	; 189
    00000449 C3                    1185 	.db #0xc3	; 195
    0000044A FD                    1186 	.db #0xfd	; 253
    0000044B C3                    1187 	.db #0xc3	; 195
    0000044C FD                    1188 	.db #0xfd	; 253
    0000044D C3                    1189 	.db #0xc3	; 195
    0000044E FF                    1190 	.db #0xff	; 255
    0000044F C3                    1191 	.db #0xc3	; 195
    00000450 FF                    1192 	.db #0xff	; 255
    00000451 C1                    1193 	.db #0xc1	; 193
    00000452 FF                    1194 	.db #0xff	; 255
    00000453 C0                    1195 	.db #0xc0	; 192
    00000454 FF                    1196 	.db #0xff	; 255
    00000455 C1                    1197 	.db #0xc1	; 193
    00000456 FF                    1198 	.db #0xff	; 255
    00000457 C3                    1199 	.db #0xc3	; 195
    00000458 FE                    1200 	.db #0xfe	; 254
    00000459 E1                    1201 	.db #0xe1	; 225
    0000045A FE                    1202 	.db #0xfe	; 254
    0000045B E1                    1203 	.db #0xe1	; 225
    0000045C FC                    1204 	.db #0xfc	; 252
    0000045D E3                    1205 	.db #0xe3	; 227
    0000045E F8                    1206 	.db #0xf8	; 248
    0000045F C7                    1207 	.db #0xc7	; 199
    00000460 F1                    1208 	.db #0xf1	; 241
    00000461 CF                    1209 	.db #0xcf	; 207
    00000462 F1                    1210 	.db #0xf1	; 241
    00000463 8F                    1211 	.db #0x8f	; 143
    00000464 E3                    1212 	.db #0xe3	; 227
    00000465 1F                    1213 	.db #0x1f	; 31
    00000466 C7                    1214 	.db #0xc7	; 199
    00000467 3F                    1215 	.db #0x3f	; 63
    00000468 7F                    1216 	.db #0x7f	; 127
    00000469 FF                    1217 	.db #0xff	; 255
    0000046A 7F                    1218 	.db #0x7f	; 127
    0000046B FF                    1219 	.db #0xff	; 255
    0000046C FF                    1220 	.db #0xff	; 255
    0000046D FF                    1221 	.db #0xff	; 255
    0000046E FF                    1222 	.db #0xff	; 255
    0000046F FF                    1223 	.db #0xff	; 255
    00000470 FF                    1224 	.db #0xff	; 255
    00000471 FF                    1225 	.db #0xff	; 255
    00000472 FF                    1226 	.db #0xff	; 255
    00000473 FF                    1227 	.db #0xff	; 255
    00000474 FF                    1228 	.db #0xff	; 255
    00000475 FF                    1229 	.db #0xff	; 255
    00000476 FF                    1230 	.db #0xff	; 255
    00000477 FF                    1231 	.db #0xff	; 255
    00000478 1B                    1232 	.db #0x1b	; 27
    00000479 E7                    1233 	.db #0xe7	; 231
    0000047A 01                    1234 	.db #0x01	; 1
    0000047B FF                    1235 	.db #0xff	; 255
    0000047C 01                    1236 	.db #0x01	; 1
    0000047D FF                    1237 	.db #0xff	; 255
    0000047E C3                    1238 	.db #0xc3	; 195
    0000047F FF                    1239 	.db #0xff	; 255
    00000480 E7                    1240 	.db #0xe7	; 231
    00000481 FF                    1241 	.db #0xff	; 255
    00000482 FF                    1242 	.db #0xff	; 255
    00000483 FF                    1243 	.db #0xff	; 255
    00000484 FF                    1244 	.db #0xff	; 255
    00000485 FF                    1245 	.db #0xff	; 255
    00000486 FF                    1246 	.db #0xff	; 255
    00000487 FF                    1247 	.db #0xff	; 255
    00000488 BF                    1248 	.db #0xbf	; 191
    00000489 C0                    1249 	.db #0xc0	; 192
    0000048A 3E                    1250 	.db #0x3e	; 62
    0000048B C1                    1251 	.db #0xc1	; 193
    0000048C 3E                    1252 	.db #0x3e	; 62
    0000048D C1                    1253 	.db #0xc1	; 193
    0000048E FE                    1254 	.db #0xfe	; 254
    0000048F C1                    1255 	.db #0xc1	; 193
    00000490 FE                    1256 	.db #0xfe	; 254
    00000491 C1                    1257 	.db #0xc1	; 193
    00000492 FF                    1258 	.db #0xff	; 255
    00000493 81                    1259 	.db #0x81	; 129
    00000494 FD                    1260 	.db #0xfd	; 253
    00000495 83                    1261 	.db #0x83	; 131
    00000496 E1                    1262 	.db #0xe1	; 225
    00000497 1F                    1263 	.db #0x1f	; 31
    00000498 C7                    1264 	.db #0xc7	; 199
    00000499 3F                    1265 	.db #0x3f	; 63
    0000049A 8F                    1266 	.db #0x8f	; 143
    0000049B 7F                    1267 	.db #0x7f	; 127
    0000049C 0F                    1268 	.db #0x0f	; 15
    0000049D FF                    1269 	.db #0xff	; 255
    0000049E 1F                    1270 	.db #0x1f	; 31
    0000049F FF                    1271 	.db #0xff	; 255
    000004A0 3F                    1272 	.db #0x3f	; 63
    000004A1 FF                    1273 	.db #0xff	; 255
    000004A2 7F                    1274 	.db #0x7f	; 127
    000004A3 FF                    1275 	.db #0xff	; 255
    000004A4 FF                    1276 	.db #0xff	; 255
    000004A5 FF                    1277 	.db #0xff	; 255
    000004A6 FF                    1278 	.db #0xff	; 255
    000004A7 FF                    1279 	.db #0xff	; 255
    000004A8 87                    1280 	.db #0x87	; 135
    000004A9 F8                    1281 	.db #0xf8	; 248
    000004AA 01                    1282 	.db #0x01	; 1
    000004AB FE                    1283 	.db #0xfe	; 254
    000004AC 00                    1284 	.db #0x00	; 0
    000004AD FF                    1285 	.db #0xff	; 255
    000004AE C0                    1286 	.db #0xc0	; 192
    000004AF FF                    1287 	.db #0xff	; 255
    000004B0 F8                    1288 	.db #0xf8	; 248
    000004B1 FF                    1289 	.db #0xff	; 255
    000004B2 FE                    1290 	.db #0xfe	; 254
    000004B3 FF                    1291 	.db #0xff	; 255
    000004B4 FF                    1292 	.db #0xff	; 255
    000004B5 FF                    1293 	.db #0xff	; 255
    000004B6 FF                    1294 	.db #0xff	; 255
    000004B7 FF                    1295 	.db #0xff	; 255
    000004B8 8F                    1296 	.db #0x8f	; 143
    000004B9 7F                    1297 	.db #0x7f	; 127
    000004BA 1F                    1298 	.db #0x1f	; 31
    000004BB FF                    1299 	.db #0xff	; 255
    000004BC 3F                    1300 	.db #0x3f	; 63
    000004BD FF                    1301 	.db #0xff	; 255
    000004BE 7F                    1302 	.db #0x7f	; 127
    000004BF FF                    1303 	.db #0xff	; 255
    000004C0 7F                    1304 	.db #0x7f	; 127
    000004C1 FF                    1305 	.db #0xff	; 255
    000004C2 FF                    1306 	.db #0xff	; 255
    000004C3 FF                    1307 	.db #0xff	; 255
    000004C4 FF                    1308 	.db #0xff	; 255
    000004C5 FF                    1309 	.db #0xff	; 255
    000004C6 FF                    1310 	.db #0xff	; 255
    000004C7 FF                    1311 	.db #0xff	; 255
    000004C8 1C                    1312 	.db #0x1c	; 28
    000004C9 E3                    1313 	.db #0xe3	; 227
    000004CA 00                    1314 	.db #0x00	; 0
    000004CB FF                    1315 	.db #0xff	; 255
    000004CC 80                    1316 	.db #0x80	; 128
    000004CD FF                    1317 	.db #0xff	; 255
    000004CE C1                    1318 	.db #0xc1	; 193
    000004CF FF                    1319 	.db #0xff	; 255
    000004D0 E3                    1320 	.db #0xe3	; 227
    000004D1 FF                    1321 	.db #0xff	; 255
    000004D2 FF                    1322 	.db #0xff	; 255
    000004D3 FF                    1323 	.db #0xff	; 255
    000004D4 FF                    1324 	.db #0xff	; 255
    000004D5 FF                    1325 	.db #0xff	; 255
    000004D6 FF                    1326 	.db #0xff	; 255
    000004D7 FF                    1327 	.db #0xff	; 255
    000004D8 38                    1328 	.db #0x38	; 56	'8'
    000004D9 FF                    1329 	.db #0xff	; 255
    000004DA 78                    1330 	.db #0x78	; 120	'x'
    000004DB FF                    1331 	.db #0xff	; 255
    000004DC FC                    1332 	.db #0xfc	; 252
    000004DD FF                    1333 	.db #0xff	; 255
    000004DE FE                    1334 	.db #0xfe	; 254
    000004DF FF                    1335 	.db #0xff	; 255
    000004E0 FF                    1336 	.db #0xff	; 255
    000004E1 FF                    1337 	.db #0xff	; 255
    000004E2 FF                    1338 	.db #0xff	; 255
    000004E3 FF                    1339 	.db #0xff	; 255
    000004E4 FF                    1340 	.db #0xff	; 255
    000004E5 FF                    1341 	.db #0xff	; 255
    000004E6 FF                    1342 	.db #0xff	; 255
    000004E7 FF                    1343 	.db #0xff	; 255
    000004E8 6F                    1344 	.db #0x6f	; 111	'o'
    000004E9 9F                    1345 	.db #0x9f	; 159
    000004EA 07                    1346 	.db #0x07	; 7
    000004EB FF                    1347 	.db #0xff	; 255
    000004EC 0F                    1348 	.db #0x0f	; 15
    000004ED FF                    1349 	.db #0xff	; 255
    000004EE 0F                    1350 	.db #0x0f	; 15
    000004EF FF                    1351 	.db #0xff	; 255
    000004F0 9F                    1352 	.db #0x9f	; 159
    000004F1 FF                    1353 	.db #0xff	; 255
    000004F2 FF                    1354 	.db #0xff	; 255
    000004F3 FF                    1355 	.db #0xff	; 255
    000004F4 FF                    1356 	.db #0xff	; 255
    000004F5 FF                    1357 	.db #0xff	; 255
    000004F6 FF                    1358 	.db #0xff	; 255
    000004F7 FF                    1359 	.db #0xff	; 255
    000004F8 F1                    1360 	.db #0xf1	; 241
    000004F9 FE                    1361 	.db #0xfe	; 254
    000004FA F0                    1362 	.db #0xf0	; 240
    000004FB FF                    1363 	.db #0xff	; 255
    000004FC F0                    1364 	.db #0xf0	; 240
    000004FD FF                    1365 	.db #0xff	; 255
    000004FE F1                    1366 	.db #0xf1	; 241
    000004FF FE                    1367 	.db #0xfe	; 254
    00000500 FF                    1368 	.db #0xff	; 255
    00000501 F8                    1369 	.db #0xf8	; 248
    00000502 FF                    1370 	.db #0xff	; 255
    00000503 E0                    1371 	.db #0xe0	; 224
    00000504 FF                    1372 	.db #0xff	; 255
    00000505 E0                    1373 	.db #0xe0	; 224
    00000506 FF                    1374 	.db #0xff	; 255
    00000507 F0                    1375 	.db #0xf0	; 240
    00000508 F9                    1376 	.db #0xf9	; 249
    00000509 07                    1377 	.db #0x07	; 7
    0000050A 73                    1378 	.db #0x73	; 115	's'
    0000050B 8F                    1379 	.db #0x8f	; 143
    0000050C E3                    1380 	.db #0xe3	; 227
    0000050D 1F                    1381 	.db #0x1f	; 31
    0000050E E7                    1382 	.db #0xe7	; 231
    0000050F 1F                    1383 	.db #0x1f	; 31
    00000510 C7                    1384 	.db #0xc7	; 199
    00000511 3F                    1385 	.db #0x3f	; 63
    00000512 8F                    1386 	.db #0x8f	; 143
    00000513 7F                    1387 	.db #0x7f	; 127
    00000514 1F                    1388 	.db #0x1f	; 31
    00000515 FF                    1389 	.db #0xff	; 255
    00000516 1F                    1390 	.db #0x1f	; 31
    00000517 FF                    1391 	.db #0xff	; 255
    00000518 F7                    1392 	.db #0xf7	; 247
    00000519 F8                    1393 	.db #0xf8	; 248
    0000051A E7                    1394 	.db #0xe7	; 231
    0000051B F8                    1395 	.db #0xf8	; 248
    0000051C E7                    1396 	.db #0xe7	; 231
    0000051D F8                    1397 	.db #0xf8	; 248
    0000051E FF                    1398 	.db #0xff	; 255
    0000051F F8                    1399 	.db #0xf8	; 248
    00000520 FF                    1400 	.db #0xff	; 255
    00000521 F0                    1401 	.db #0xf0	; 240
    00000522 FF                    1402 	.db #0xff	; 255
    00000523 F0                    1403 	.db #0xf0	; 240
    00000524 FF                    1404 	.db #0xff	; 255
    00000525 F0                    1405 	.db #0xf0	; 240
    00000526 FE                    1406 	.db #0xfe	; 254
    00000527 E1                    1407 	.db #0xe1	; 225
    00000528 F8                    1408 	.db #0xf8	; 248
    00000529 07                    1409 	.db #0x07	; 7
    0000052A D1                    1410 	.db #0xd1	; 209
    0000052B 2F                    1411 	.db #0x2f	; 47
    0000052C C1                    1412 	.db #0xc1	; 193
    0000052D 3F                    1413 	.db #0x3f	; 63
    0000052E C3                    1414 	.db #0xc3	; 195
    0000052F 3F                    1415 	.db #0x3f	; 63
    00000530 C7                    1416 	.db #0xc7	; 199
    00000531 3F                    1417 	.db #0x3f	; 63
    00000532 EF                    1418 	.db #0xef	; 239
    00000533 3F                    1419 	.db #0x3f	; 63
    00000534 BF                    1420 	.db #0xbf	; 191
    00000535 7F                    1421 	.db #0x7f	; 127
    00000536 3F                    1422 	.db #0x3f	; 63
    00000537 FF                    1423 	.db #0xff	; 255
    00000538 F3                    1424 	.db #0xf3	; 243
    00000539 FC                    1425 	.db #0xfc	; 252
    0000053A E1                    1426 	.db #0xe1	; 225
    0000053B FE                    1427 	.db #0xfe	; 254
    0000053C E0                    1428 	.db #0xe0	; 224
    0000053D FF                    1429 	.db #0xff	; 255
    0000053E F8                    1430 	.db #0xf8	; 248
    0000053F FF                    1431 	.db #0xff	; 255
    00000540 FC                    1432 	.db #0xfc	; 252
    00000541 FF                    1433 	.db #0xff	; 255
    00000542 FE                    1434 	.db #0xfe	; 254
    00000543 FF                    1435 	.db #0xff	; 255
    00000544 FF                    1436 	.db #0xff	; 255
    00000545 FF                    1437 	.db #0xff	; 255
    00000546 FF                    1438 	.db #0xff	; 255
    00000547 FF                    1439 	.db #0xff	; 255
    00000548 9F                    1440 	.db #0x9f	; 159
    00000549 78                    1441 	.db #0x78	; 120	'x'
    0000054A 0F                    1442 	.db #0x0f	; 15
    0000054B F8                    1443 	.db #0xf8	; 248
    0000054C 1E                    1444 	.db #0x1e	; 30
    0000054D F1                    1445 	.db #0xf1	; 241
    0000054E 3E                    1446 	.db #0x3e	; 62
    0000054F F1                    1447 	.db #0xf1	; 241
    00000550 7C                    1448 	.db #0x7c	; 124
    00000551 E3                    1449 	.db #0xe3	; 227
    00000552 FC                    1450 	.db #0xfc	; 252
    00000553 E3                    1451 	.db #0xe3	; 227
    00000554 F9                    1452 	.db #0xf9	; 249
    00000555 C7                    1453 	.db #0xc7	; 199
    00000556 F1                    1454 	.db #0xf1	; 241
    00000557 EF                    1455 	.db #0xef	; 239
    00000558 60                    1456 	.db #0x60	; 96
    00000559 FF                    1457 	.db #0xff	; 255
    0000055A 40                    1458 	.db #0x40	; 64
    0000055B FF                    1459 	.db #0xff	; 255
    0000055C 60                    1460 	.db #0x60	; 96
    0000055D FF                    1461 	.db #0xff	; 255
    0000055E F8                    1462 	.db #0xf8	; 248
    0000055F FF                    1463 	.db #0xff	; 255
    00000560 FE                    1464 	.db #0xfe	; 254
    00000561 FF                    1465 	.db #0xff	; 255
    00000562 FF                    1466 	.db #0xff	; 255
    00000563 FF                    1467 	.db #0xff	; 255
    00000564 FF                    1468 	.db #0xff	; 255
    00000565 FF                    1469 	.db #0xff	; 255
    00000566 FF                    1470 	.db #0xff	; 255
    00000567 FF                    1471 	.db #0xff	; 255
    00000568 E3                    1472 	.db #0xe3	; 227
    00000569 1F                    1473 	.db #0x1f	; 31
    0000056A 47                    1474 	.db #0x47	; 71	'G'
    0000056B BF                    1475 	.db #0xbf	; 191
    0000056C 0F                    1476 	.db #0x0f	; 15
    0000056D FF                    1477 	.db #0xff	; 255
    0000056E 0F                    1478 	.db #0x0f	; 15
    0000056F FF                    1479 	.db #0xff	; 255
    00000570 1F                    1480 	.db #0x1f	; 31
    00000571 FF                    1481 	.db #0xff	; 255
    00000572 BF                    1482 	.db #0xbf	; 191
    00000573 FF                    1483 	.db #0xff	; 255
    00000574 FF                    1484 	.db #0xff	; 255
    00000575 FF                    1485 	.db #0xff	; 255
    00000576 FF                    1486 	.db #0xff	; 255
    00000577 FF                    1487 	.db #0xff	; 255
    00000578 CC                    1488 	.db #0xcc	; 204
    00000579 F3                    1489 	.db #0xf3	; 243
    0000057A C0                    1490 	.db #0xc0	; 192
    0000057B FF                    1491 	.db #0xff	; 255
    0000057C 80                    1492 	.db #0x80	; 128
    0000057D FF                    1493 	.db #0xff	; 255
    0000057E C1                    1494 	.db #0xc1	; 193
    0000057F FF                    1495 	.db #0xff	; 255
    00000580 F3                    1496 	.db #0xf3	; 243
    00000581 FF                    1497 	.db #0xff	; 255
    00000582 FF                    1498 	.db #0xff	; 255
    00000583 FF                    1499 	.db #0xff	; 255
    00000584 FF                    1500 	.db #0xff	; 255
    00000585 FF                    1501 	.db #0xff	; 255
    00000586 FF                    1502 	.db #0xff	; 255
    00000587 FF                    1503 	.db #0xff	; 255
    00000588 D9                    1504 	.db #0xd9	; 217
    00000589 E7                    1505 	.db #0xe7	; 231
    0000058A C0                    1506 	.db #0xc0	; 192
    0000058B FF                    1507 	.db #0xff	; 255
    0000058C C1                    1508 	.db #0xc1	; 193
    0000058D FF                    1509 	.db #0xff	; 255
    0000058E C3                    1510 	.db #0xc3	; 195
    0000058F FF                    1511 	.db #0xff	; 255
    00000590 E7                    1512 	.db #0xe7	; 231
    00000591 FF                    1513 	.db #0xff	; 255
    00000592 FF                    1514 	.db #0xff	; 255
    00000593 FF                    1515 	.db #0xff	; 255
    00000594 FF                    1516 	.db #0xff	; 255
    00000595 FF                    1517 	.db #0xff	; 255
    00000596 FF                    1518 	.db #0xff	; 255
    00000597 FF                    1519 	.db #0xff	; 255
    00000598 CF                    1520 	.db #0xcf	; 207
    00000599 FF                    1521 	.db #0xff	; 255
    0000059A 8F                    1522 	.db #0x8f	; 143
    0000059B FF                    1523 	.db #0xff	; 255
    0000059C 1F                    1524 	.db #0x1f	; 31
    0000059D FF                    1525 	.db #0xff	; 255
    0000059E 3F                    1526 	.db #0x3f	; 63
    0000059F FF                    1527 	.db #0xff	; 255
    000005A0 FF                    1528 	.db #0xff	; 255
    000005A1 FF                    1529 	.db #0xff	; 255
    000005A2 FF                    1530 	.db #0xff	; 255
    000005A3 FF                    1531 	.db #0xff	; 255
    000005A4 FF                    1532 	.db #0xff	; 255
    000005A5 FF                    1533 	.db #0xff	; 255
    000005A6 FF                    1534 	.db #0xff	; 255
    000005A7 FF                    1535 	.db #0xff	; 255
    000005A8 C1                    1536 	.db #0xc1	; 193
    000005A9 7F                    1537 	.db #0x7f	; 127
    000005AA 81                    1538 	.db #0x81	; 129
    000005AB FF                    1539 	.db #0xff	; 255
    000005AC 83                    1540 	.db #0x83	; 131
    000005AD FF                    1541 	.db #0xff	; 255
    000005AE 1F                    1542 	.db #0x1f	; 31
    000005AF FF                    1543 	.db #0xff	; 255
    000005B0 7F                    1544 	.db #0x7f	; 127
    000005B1 FF                    1545 	.db #0xff	; 255
    000005B2 FF                    1546 	.db #0xff	; 255
    000005B3 FF                    1547 	.db #0xff	; 255
    000005B4 FF                    1548 	.db #0xff	; 255
    000005B5 FF                    1549 	.db #0xff	; 255
    000005B6 FF                    1550 	.db #0xff	; 255
    000005B7 FF                    1551 	.db #0xff	; 255
    000005B8 FC                    1552 	.db #0xfc	; 252
    000005B9 FB                    1553 	.db #0xfb	; 251
    000005BA E0                    1554 	.db #0xe0	; 224
    000005BB FF                    1555 	.db #0xff	; 255
    000005BC E0                    1556 	.db #0xe0	; 224
    000005BD FF                    1557 	.db #0xff	; 255
    000005BE F0                    1558 	.db #0xf0	; 240
    000005BF FF                    1559 	.db #0xff	; 255
    000005C0 FB                    1560 	.db #0xfb	; 251
    000005C1 FF                    1561 	.db #0xff	; 255
    000005C2 FF                    1562 	.db #0xff	; 255
    000005C3 FF                    1563 	.db #0xff	; 255
    000005C4 FF                    1564 	.db #0xff	; 255
    000005C5 FF                    1565 	.db #0xff	; 255
    000005C6 FF                    1566 	.db #0xff	; 255
    000005C7 FF                    1567 	.db #0xff	; 255
    000005C8 3F                    1568 	.db #0x3f	; 63
    000005C9 FF                    1569 	.db #0xff	; 255
    000005CA 7F                    1570 	.db #0x7f	; 127
    000005CB FF                    1571 	.db #0xff	; 255
    000005CC FF                    1572 	.db #0xff	; 255
    000005CD FF                    1573 	.db #0xff	; 255
    000005CE FF                    1574 	.db #0xff	; 255
    000005CF FF                    1575 	.db #0xff	; 255
    000005D0 FF                    1576 	.db #0xff	; 255
    000005D1 FF                    1577 	.db #0xff	; 255
    000005D2 FF                    1578 	.db #0xff	; 255
    000005D3 FF                    1579 	.db #0xff	; 255
    000005D4 FF                    1580 	.db #0xff	; 255
    000005D5 FF                    1581 	.db #0xff	; 255
    000005D6 FF                    1582 	.db #0xff	; 255
    000005D7 FF                    1583 	.db #0xff	; 255
    000005D8 F0                    1584 	.db #0xf0	; 240
    000005D9 EF                    1585 	.db #0xef	; 239
    000005DA F0                    1586 	.db #0xf0	; 240
    000005DB FF                    1587 	.db #0xff	; 255
    000005DC F0                    1588 	.db #0xf0	; 240
    000005DD FF                    1589 	.db #0xff	; 255
    000005DE E3                    1590 	.db #0xe3	; 227
    000005DF FF                    1591 	.db #0xff	; 255
    000005E0 EF                    1592 	.db #0xef	; 239
    000005E1 FF                    1593 	.db #0xff	; 255
    000005E2 FF                    1594 	.db #0xff	; 255
    000005E3 FF                    1595 	.db #0xff	; 255
    000005E4 FF                    1596 	.db #0xff	; 255
    000005E5 FF                    1597 	.db #0xff	; 255
    000005E6 FF                    1598 	.db #0xff	; 255
    000005E7 FF                    1599 	.db #0xff	; 255
    000005E8 3F                    1600 	.db #0x3f	; 63
    000005E9 FF                    1601 	.db #0xff	; 255
    000005EA 3F                    1602 	.db #0x3f	; 63
    000005EB FF                    1603 	.db #0xff	; 255
    000005EC 7F                    1604 	.db #0x7f	; 127
    000005ED FF                    1605 	.db #0xff	; 255
    000005EE FF                    1606 	.db #0xff	; 255
    000005EF FF                    1607 	.db #0xff	; 255
    000005F0 FF                    1608 	.db #0xff	; 255
    000005F1 FF                    1609 	.db #0xff	; 255
    000005F2 FF                    1610 	.db #0xff	; 255
    000005F3 FF                    1611 	.db #0xff	; 255
    000005F4 FF                    1612 	.db #0xff	; 255
    000005F5 FF                    1613 	.db #0xff	; 255
    000005F6 FF                    1614 	.db #0xff	; 255
    000005F7 FF                    1615 	.db #0xff	; 255
    000005F8 E3                    1616 	.db #0xe3	; 227
    000005F9 FF                    1617 	.db #0xff	; 255
    000005FA E3                    1618 	.db #0xe3	; 227
    000005FB FF                    1619 	.db #0xff	; 255
    000005FC C7                    1620 	.db #0xc7	; 199
    000005FD FF                    1621 	.db #0xff	; 255
    000005FE EF                    1622 	.db #0xef	; 239
    000005FF FF                    1623 	.db #0xff	; 255
    00000600 FF                    1624 	.db #0xff	; 255
    00000601 FF                    1625 	.db #0xff	; 255
    00000602 FF                    1626 	.db #0xff	; 255
    00000603 FF                    1627 	.db #0xff	; 255
    00000604 FF                    1628 	.db #0xff	; 255
    00000605 FF                    1629 	.db #0xff	; 255
    00000606 FF                    1630 	.db #0xff	; 255
    00000607 FF                    1631 	.db #0xff	; 255
    00000608 FF                    1632 	.db #0xff	; 255
    00000609 11                    1633 	.db #0x11	; 17
    0000060A FF                    1634 	.db #0xff	; 255
    0000060B 55                    1635 	.db #0x55	; 85	'U'
    0000060C FF                    1636 	.db #0xff	; 255
    0000060D 13                    1637 	.db #0x13	; 19
    0000060E FF                    1638 	.db #0xff	; 255
    0000060F 75                    1639 	.db #0x75	; 117	'u'
    00000610 FF                    1640 	.db #0xff	; 255
    00000611 75                    1641 	.db #0x75	; 117	'u'
    00000612 FF                    1642 	.db #0xff	; 255
    00000613 FF                    1643 	.db #0xff	; 255
    00000614 FF                    1644 	.db #0xff	; 255
    00000615 FF                    1645 	.db #0xff	; 255
    00000616 FF                    1646 	.db #0xff	; 255
    00000617 FF                    1647 	.db #0xff	; 255
    00000618 FF                    1648 	.db #0xff	; 255
    00000619 11                    1649 	.db #0x11	; 17
    0000061A FF                    1650 	.db #0xff	; 255
    0000061B 77                    1651 	.db #0x77	; 119	'w'
    0000061C FF                    1652 	.db #0xff	; 255
    0000061D 31                    1653 	.db #0x31	; 49	'1'
    0000061E FF                    1654 	.db #0xff	; 255
    0000061F 7D                    1655 	.db #0x7d	; 125
    00000620 FF                    1656 	.db #0xff	; 255
    00000621 11                    1657 	.db #0x11	; 17
    00000622 FF                    1658 	.db #0xff	; 255
    00000623 FF                    1659 	.db #0xff	; 255
    00000624 FF                    1660 	.db #0xff	; 255
    00000625 FF                    1661 	.db #0xff	; 255
    00000626 FF                    1662 	.db #0xff	; 255
    00000627 FF                    1663 	.db #0xff	; 255
    00000628 FF                    1664 	.db #0xff	; 255
    00000629 18                    1665 	.db #0x18	; 24
    0000062A FF                    1666 	.db #0xff	; 255
    0000062B 7B                    1667 	.db #0x7b	; 123
    0000062C FF                    1668 	.db #0xff	; 255
    0000062D 18                    1669 	.db #0x18	; 24
    0000062E FF                    1670 	.db #0xff	; 255
    0000062F DE                    1671 	.db #0xde	; 222
    00000630 FF                    1672 	.db #0xff	; 255
    00000631 18                    1673 	.db #0x18	; 24
    00000632 FF                    1674 	.db #0xff	; 255
    00000633 FF                    1675 	.db #0xff	; 255
    00000634 FF                    1676 	.db #0xff	; 255
    00000635 FF                    1677 	.db #0xff	; 255
    00000636 FF                    1678 	.db #0xff	; 255
    00000637 FF                    1679 	.db #0xff	; 255
    00000638 FF                    1680 	.db #0xff	; 255
    00000639 88                    1681 	.db #0x88	; 136
    0000063A FF                    1682 	.db #0xff	; 255
    0000063B DA                    1683 	.db #0xda	; 218
    0000063C FF                    1684 	.db #0xff	; 255
    0000063D D8                    1685 	.db #0xd8	; 216
    0000063E FF                    1686 	.db #0xff	; 255
    0000063F DA                    1687 	.db #0xda	; 218
    00000640 FF                    1688 	.db #0xff	; 255
    00000641 DA                    1689 	.db #0xda	; 218
    00000642 FF                    1690 	.db #0xff	; 255
    00000643 FF                    1691 	.db #0xff	; 255
    00000644 FF                    1692 	.db #0xff	; 255
    00000645 FF                    1693 	.db #0xff	; 255
    00000646 FF                    1694 	.db #0xff	; 255
    00000647 FF                    1695 	.db #0xff	; 255
    00000648 FF                    1696 	.db #0xff	; 255
    00000649 88                    1697 	.db #0x88	; 136
    0000064A FF                    1698 	.db #0xff	; 255
    0000064B AD                    1699 	.db #0xad	; 173
    0000064C FF                    1700 	.db #0xff	; 255
    0000064D 9D                    1701 	.db #0x9d	; 157
    0000064E FF                    1702 	.db #0xff	; 255
    0000064F AD                    1703 	.db #0xad	; 173
    00000650 FF                    1704 	.db #0xff	; 255
    00000651 AD                    1705 	.db #0xad	; 173
    00000652 FF                    1706 	.db #0xff	; 255
    00000653 FF                    1707 	.db #0xff	; 255
    00000654 FF                    1708 	.db #0xff	; 255
    00000655 FF                    1709 	.db #0xff	; 255
    00000656 FF                    1710 	.db #0xff	; 255
    00000657 FF                    1711 	.db #0xff	; 255
    00000658 00                    1712 	.db #0x00	; 0
    00000659 00                    1713 	.db #0x00	; 0
    0000065A 00                    1714 	.db #0x00	; 0
    0000065B 00                    1715 	.db #0x00	; 0
    0000065C 00                    1716 	.db #0x00	; 0
    0000065D 00                    1717 	.db #0x00	; 0
    0000065E 00                    1718 	.db #0x00	; 0
    0000065F 00                    1719 	.db #0x00	; 0
    00000660 00                    1720 	.db #0x00	; 0
    00000661 00                    1721 	.db #0x00	; 0
    00000662 00                    1722 	.db #0x00	; 0
    00000663 00                    1723 	.db #0x00	; 0
    00000664 00                    1724 	.db #0x00	; 0
    00000665 00                    1725 	.db #0x00	; 0
    00000666 00                    1726 	.db #0x00	; 0
    00000667 00                    1727 	.db #0x00	; 0
    00000668 00                    1728 	.db #0x00	; 0
    00000669 00                    1729 	.db #0x00	; 0
    0000066A 00                    1730 	.db #0x00	; 0
    0000066B 00                    1731 	.db #0x00	; 0
    0000066C 00                    1732 	.db #0x00	; 0
    0000066D 00                    1733 	.db #0x00	; 0
    0000066E 00                    1734 	.db #0x00	; 0
    0000066F 00                    1735 	.db #0x00	; 0
    00000670 00                    1736 	.db #0x00	; 0
    00000671 00                    1737 	.db #0x00	; 0
    00000672 00                    1738 	.db #0x00	; 0
    00000673 00                    1739 	.db #0x00	; 0
    00000674 00                    1740 	.db #0x00	; 0
    00000675 00                    1741 	.db #0x00	; 0
    00000676 00                    1742 	.db #0x00	; 0
    00000677 00                    1743 	.db #0x00	; 0
                                   1744 	.area _CABS (ABS)
